<?xml version="1.0" encoding="UTF-8"?>
<!-- Generated by org.testng.reporters.JUnitXMLReporter -->
<testsuite ignored="0" hostname="IN-PG02P4VN" failures="0" tests="5" name="Default test" time="5.516" errors="0" timestamp="2022-11-22T23:37:11 IST">
  <testcase classname="testData.Boards" name="Create_a_board" time="1.928"/>
  <testcase classname="testData.Boards" name="Update_board" time="0.785"/>
  <testcase classname="testData.Boards" name="Get_a_board" time="0.571"/>
  <testcase classname="testData.Boards" name="Delete_board" time="0.981"/>
  <testcase classname="testData.Boards" name="Negativedata" time="0.498"/>
</testsuite> <!-- Default test -->
