<?xml version="1.0" encoding="UTF-8"?>
<!-- Generated by org.testng.reporters.JUnitXMLReporter -->
<testsuite ignored="3" hostname="IN-PG02P4VN" failures="0" tests="17" name="Test" time="14.592" errors="0" timestamp="2022-11-22T23:44:09 IST">
  <testcase classname="testData.Checklist" name="Create_a_checklist" time="1.862"/>
  <testcase classname="testData.Checklist" name="Update_a_Checklist" time="0.654"/>
  <testcase classname="testData.Checklist" name="Get_a_Checklist" time="0.592"/>
  <testcase classname="testData.Checklist" name="delete_a_Checklist" time="0.659"/>
  <testcase classname="testData.Boards" name="Create_a_board" time="0.76"/>
  <testcase classname="testData.Boards" name="Update_board" time="0.678"/>
  <testcase classname="testData.Boards" name="Get_a_board" time="0.562"/>
  <testcase classname="testData.Boards" name="Delete_board" time="0.993"/>
  <testcase classname="testData.Boards" name="Negativedata" time="0.535"/>
  <testcase classname="testData.Organization" name="Create_an_Organization" time="0.71"/>
  <testcase classname="testData.Organization" name="Update_an_Organization" time="0.704"/>
  <testcase classname="testData.Organization" name="Get_an_Organization" time="0.541"/>
  <testcase classname="testData.Organization" name="delete_an_Organization" time="1.352"/>
  <testcase classname="testData.Cards" name="Create_a_card" time="0.93"/>
  <testcase classname="testData.Cards" name="update_a_card" time="0.65"/>
  <testcase classname="testData.Cards" name="get_a_card" time="0.595"/>
  <testcase classname="testData.Cards" name="delete_a_card" time="0.682"/>
  <testcase classname="base.BaseClass" name="@BeforeSuite init" time="0.0">
    <ignored/>
  </testcase> <!-- @BeforeSuite init -->
  <testcase classname="base.BaseClass" name="@BeforeSuite init" time="0.0">
    <ignored/>
  </testcase> <!-- @BeforeSuite init -->
  <testcase classname="base.BaseClass" name="@BeforeSuite init" time="0.0">
    <ignored/>
  </testcase> <!-- @BeforeSuite init -->
</testsuite> <!-- Test -->
