<?xml version="1.0" encoding="UTF-8"?>
<!-- Generated by org.testng.reporters.JUnitXMLReporter -->
<testsuite ignored="3" hostname="IN-PG02P4VN" failures="0" tests="16" name="Test" time="13.607" errors="0" timestamp="2022-11-22T21:54:18 IST">
  <testcase classname="testData.Checklist" name="Create_a_checklist" time="1.831"/>
  <testcase classname="testData.Checklist" name="Update_a_Checklist" time="0.663"/>
  <testcase classname="testData.Checklist" name="Get_a_Checklist" time="0.569"/>
  <testcase classname="testData.Checklist" name="delete_a_Checklist" time="1.031"/>
  <testcase classname="testData.Boards" name="Create_a_board" time="0.835"/>
  <testcase classname="testData.Boards" name="Update_board" time="0.701"/>
  <testcase classname="testData.Boards" name="Get_a_board" time="0.567"/>
  <testcase classname="testData.Boards" name="Delete_board" time="1.103"/>
  <testcase classname="testData.Organization" name="Create_an_Organization" time="0.755"/>
  <testcase classname="testData.Organization" name="Update_an_Organization" time="0.603"/>
  <testcase classname="testData.Organization" name="Get_an_Organization" time="0.536"/>
  <testcase classname="testData.Organization" name="delete_an_Organization" time="0.761"/>
  <testcase classname="testData.Cards" name="Create_a_card" time="0.705"/>
  <testcase classname="testData.Cards" name="update_a_card" time="0.625"/>
  <testcase classname="testData.Cards" name="get_a_card" time="0.552"/>
  <testcase classname="testData.Cards" name="Delete_board" time="0.704"/>
  <testcase classname="base.BaseClass" name="@BeforeSuite init" time="0.0">
    <ignored/>
  </testcase> <!-- @BeforeSuite init -->
  <testcase classname="base.BaseClass" name="@BeforeSuite init" time="0.0">
    <ignored/>
  </testcase> <!-- @BeforeSuite init -->
  <testcase classname="base.BaseClass" name="@BeforeSuite init" time="0.0">
    <ignored/>
  </testcase> <!-- @BeforeSuite init -->
</testsuite> <!-- Test -->
