<?xml version="1.0" encoding="UTF-8"?>
<testsuite xmlns:xsi="http://www.w3.org/2001/XMLSchema-instance" xsi:noNamespaceSchemaLocation="https://maven.apache.org/surefire/maven-surefire-plugin/xsd/surefire-test-report-3.0.xsd" version="3.0" name="TestSuite" time="14.254" tests="16" errors="0" skipped="0" failures="0">
  <properties>
[...]
</properties>
  <testcase name="Create_a_checklist" classname="testData.Checklist" time="1.834">
    <system-out><![CDATA[[Configuration] [WARN] Detected a static method [base.BaseClass.init()]. Static configuration methods can cause  unexpected behavior.
[Configuration] [WARN] Detected a static method [base.BaseClass.init()]. Static configuration methods can cause  unexpected behavior.
[Configuration] [WARN] Detected a static method [base.BaseClass.init()]. Static configuration methods can cause  unexpected behavior.
[Configuration] [WARN] Detected a static method [base.BaseClass.init()]. Static configuration methods can cause  unexpected behavior.
11-22-2022 21:54:06 BasicClientConnectionManager.java DEBUG [main] conn.BasicClientConnectionManager 161 - Get connection for route {s}->https://trello.com:443
11-22-2022 21:54:06 DefaultClientConnectionOperator.java DEBUG [main] conn.DefaultClientConnectionOperator 177 - Connecting to trello.com:443
11-22-2022 21:54:06 RequestAddCookies.java DEBUG [main] protocol.RequestAddCookies 123 - CookieSpec selected: ignoreCookies
11-22-2022 21:54:06 RequestAuthCache.java DEBUG [main] protocol.RequestAuthCache 77 - Auth cache not set in the context
11-22-2022 21:54:06 RequestTargetAuthentication.java DEBUG [main] protocol.RequestTargetAuthentication 80 - Target auth state: UNCHALLENGED
11-22-2022 21:54:06 RequestProxyAuthentication.java DEBUG [main] protocol.RequestProxyAuthentication 89 - Proxy auth state: UNCHALLENGED
11-22-2022 21:54:06 DefaultRequestDirector.java DEBUG [main] client.DefaultHttpClient 677 - Attempt 1 to execute request
11-22-2022 21:54:06 DefaultClientConnection.java DEBUG [main] conn.DefaultClientConnection 274 - Sending request: POST /1/CheckLists/?key=a277033a8a8b651020ff746999dd35ac&token=87a0cfec0eeabc87a28151de40d5e349235a77f1033345100796efc9a8f716f9 HTTP/1.1
11-22-2022 21:54:06 Wire.java DEBUG [main] http.wire 73 -  >> "POST /1/CheckLists/?key=a277033a8a8b651020ff746999dd35ac&token=87a0cfec0eeabc87a28151de40d5e349235a77f1033345100796efc9a8f716f9 HTTP/1.1[\r][\n]"
11-22-2022 21:54:06 Wire.java DEBUG [main] http.wire 73 -  >> "Accept: application/json[\r][\n]"
11-22-2022 21:54:06 Wire.java DEBUG [main] http.wire 73 -  >> "Content-Type: application/json[\r][\n]"
11-22-2022 21:54:06 Wire.java DEBUG [main] http.wire 73 -  >> "Content-Length: 82[\r][\n]"
11-22-2022 21:54:06 Wire.java DEBUG [main] http.wire 73 -  >> "Host: trello.com[\r][\n]"
11-22-2022 21:54:06 Wire.java DEBUG [main] http.wire 73 -  >> "Connection: Keep-Alive[\r][\n]"
11-22-2022 21:54:06 Wire.java DEBUG [main] http.wire 73 -  >> "User-Agent: Apache-HttpClient/4.5.13 (Java/11.0.1)[\r][\n]"
11-22-2022 21:54:06 Wire.java DEBUG [main] http.wire 73 -  >> "Accept-Encoding: gzip,deflate[\r][\n]"
11-22-2022 21:54:06 Wire.java DEBUG [main] http.wire 73 -  >> "[\r][\n]"
11-22-2022 21:54:06 DefaultClientConnection.java DEBUG [main] http.headers 278 - >> POST /1/CheckLists/?key=a277033a8a8b651020ff746999dd35ac&token=87a0cfec0eeabc87a28151de40d5e349235a77f1033345100796efc9a8f716f9 HTTP/1.1
11-22-2022 21:54:06 DefaultClientConnection.java DEBUG [main] http.headers 281 - >> Accept: application/json
11-22-2022 21:54:06 DefaultClientConnection.java DEBUG [main] http.headers 281 - >> Content-Type: application/json
11-22-2022 21:54:06 DefaultClientConnection.java DEBUG [main] http.headers 281 - >> Content-Length: 82
11-22-2022 21:54:06 DefaultClientConnection.java DEBUG [main] http.headers 281 - >> Host: trello.com
11-22-2022 21:54:06 DefaultClientConnection.java DEBUG [main] http.headers 281 - >> Connection: Keep-Alive
11-22-2022 21:54:06 DefaultClientConnection.java DEBUG [main] http.headers 281 - >> User-Agent: Apache-HttpClient/4.5.13 (Java/11.0.1)
11-22-2022 21:54:06 DefaultClientConnection.java DEBUG [main] http.headers 281 - >> Accept-Encoding: gzip,deflate
11-22-2022 21:54:06 Wire.java DEBUG [main] http.wire 73 -  >> "{[\r][\n]"
11-22-2022 21:54:06 Wire.java DEBUG [main] http.wire 73 -  >> ""idCard" : "637cd1d77177bc01d84bc37d",[\r][\n]"
11-22-2022 21:54:06 Wire.java DEBUG [main] http.wire 73 -  >> ""name" : "this Is Create Check List"[\r][\n]"
11-22-2022 21:54:06 Wire.java DEBUG [main] http.wire 87 -  >> "}"
11-22-2022 21:54:06 Wire.java DEBUG [main] http.wire 73 -  << "HTTP/1.1 200 OK[\r][\n]"
11-22-2022 21:54:06 Wire.java DEBUG [main] http.wire 73 -  << "Date: Tue, 22 Nov 2022 16:24:06 GMT[\r][\n]"
11-22-2022 21:54:06 Wire.java DEBUG [main] http.wire 73 -  << "Content-Type: application/json; charset=utf-8[\r][\n]"
11-22-2022 21:54:06 Wire.java DEBUG [main] http.wire 73 -  << "Content-Length: 181[\r][\n]"
11-22-2022 21:54:06 Wire.java DEBUG [main] http.wire 73 -  << "X-Dns-Prefetch-Control: off[\r][\n]"
11-22-2022 21:54:06 Wire.java DEBUG [main] http.wire 73 -  << "X-Frame-Options: DENY[\r][\n]"
11-22-2022 21:54:06 Wire.java DEBUG [main] http.wire 73 -  << "X-Download-Options: noopen[\r][\n]"
11-22-2022 21:54:06 Wire.java DEBUG [main] http.wire 73 -  << "X-Permitted-Cross-Domain-Policies: none[\r][\n]"
11-22-2022 21:54:06 Wire.java DEBUG [main] http.wire 73 -  << "Referrer-Policy: strict-origin-when-cross-origin[\r][\n]"
11-22-2022 21:54:06 Wire.java DEBUG [main] http.wire 73 -  << "Surrogate-Control: no-store[\r][\n]"
11-22-2022 21:54:06 Wire.java DEBUG [main] http.wire 73 -  << "Cache-Control: max-age=0, must-revalidate, no-cache, no-store[\r][\n]"
11-22-2022 21:54:06 Wire.java DEBUG [main] http.wire 73 -  << "Pragma: no-cache[\r][\n]"
11-22-2022 21:54:06 Wire.java DEBUG [main] http.wire 73 -  << "Expires: Thu, 01 Jan 1970 00:00:00[\r][\n]"
11-22-2022 21:54:06 Wire.java DEBUG [main] http.wire 73 -  << "X-Trello-Version: 1.170568.0[\r][\n]"
11-22-2022 21:54:06 Wire.java DEBUG [main] http.wire 73 -  << "X-Trello-Environment: Production (Micros)[\r][\n]"
11-22-2022 21:54:06 Wire.java DEBUG [main] http.wire 73 -  << "Access-Control-Allow-Origin: *[\r][\n]"
11-22-2022 21:54:06 Wire.java DEBUG [main] http.wire 73 -  << "Access-Control-Allow-Methods: GET, PUT, POST, DELETE[\r][\n]"
11-22-2022 21:54:06 Wire.java DEBUG [main] http.wire 73 -  << "Access-Control-Allow-Headers: Authorization, Accept, Content-Type[\r][\n]"
11-22-2022 21:54:06 Wire.java DEBUG [main] http.wire 73 -  << "Access-Control-Expose-Headers: x-rate-limit-api-key-interval-ms, x-rate-limit-api-key-max, x-rate-limit-api-key-remaining, x-rate-limit-api-token-interval-ms, x-rate-limit-api-token-max, x-rate-limit-api-token-remaining[\r][\n]"
11-22-2022 21:54:06 Wire.java DEBUG [main] http.wire 73 -  << "X-Rate-Limit-Api-Token-Interval-Ms: 10000[\r][\n]"
11-22-2022 21:54:06 Wire.java DEBUG [main] http.wire 73 -  << "X-Rate-Limit-Api-Token-Max: 100[\r][\n]"
11-22-2022 21:54:06 Wire.java DEBUG [main] http.wire 73 -  << "X-Rate-Limit-Api-Token-Remaining: 99[\r][\n]"
11-22-2022 21:54:06 Wire.java DEBUG [main] http.wire 73 -  << "X-Rate-Limit-Db-Query-Time-Interval-Ms: 600000[\r][\n]"
11-22-2022 21:54:06 Wire.java DEBUG [main] http.wire 73 -  << "X-Rate-Limit-Db-Query-Time-Max: 7200000[\r][\n]"
11-22-2022 21:54:06 Wire.java DEBUG [main] http.wire 73 -  << "X-Rate-Limit-Db-Query-Time-Remaining: 7199990[\r][\n]"
11-22-2022 21:54:06 Wire.java DEBUG [main] http.wire 73 -  << "X-Rate-Limit-Action-Interval-Ms: 3600000[\r][\n]"
11-22-2022 21:54:06 Wire.java DEBUG [main] http.wire 73 -  << "X-Rate-Limit-Action-Max: 15000[\r][\n]"
11-22-2022 21:54:06 Wire.java DEBUG [main] http.wire 73 -  << "X-Rate-Limit-Action-Remaining: 14999[\r][\n]"
11-22-2022 21:54:06 Wire.java DEBUG [main] http.wire 73 -  << "X-Rate-Limit-Api-Key-Interval-Ms: 10000[\r][\n]"
11-22-2022 21:54:06 Wire.java DEBUG [main] http.wire 73 -  << "X-Rate-Limit-Api-Key-Max: 300[\r][\n]"
11-22-2022 21:54:06 Wire.java DEBUG [main] http.wire 73 -  << "X-Rate-Limit-Api-Key-Remaining: 299[\r][\n]"
11-22-2022 21:54:06 Wire.java DEBUG [main] http.wire 73 -  << "X-Rate-Limit-Member-Interval-Ms: 10000[\r][\n]"
11-22-2022 21:54:06 Wire.java DEBUG [main] http.wire 73 -  << "X-Rate-Limit-Member-Max: 375[\r][\n]"
11-22-2022 21:54:06 Wire.java DEBUG [main] http.wire 73 -  << "X-Rate-Limit-Member-Remaining: 373[\r][\n]"
11-22-2022 21:54:06 Wire.java DEBUG [main] http.wire 73 -  << "Set-Cookie: preAuthProps=s%3A637b571e071bb7056eb94b61%3AisEnterpriseAdmin%3Dfalse.BsvCkeBZpDt2UycswUciukUDlffViKvce4GMwyTAYjA; Path=/; HttpOnly[\r][\n]"
11-22-2022 21:54:06 Wire.java DEBUG [main] http.wire 73 -  << "X-Server-Time: 1669134246629[\r][\n]"
11-22-2022 21:54:06 Wire.java DEBUG [main] http.wire 73 -  << "Server: AtlassianEdge[\r][\n]"
11-22-2022 21:54:06 Wire.java DEBUG [main] http.wire 73 -  << "Expect-Ct: report-uri="https://web-security-reports.services.atlassian.com/expect-ct-report/trello-edge", max-age=86400[\r][\n]"
11-22-2022 21:54:06 Wire.java DEBUG [main] http.wire 73 -  << "Strict-Transport-Security: max-age=63072000; preload[\r][\n]"
11-22-2022 21:54:06 Wire.java DEBUG [main] http.wire 73 -  << "X-Content-Type-Options: nosniff[\r][\n]"
11-22-2022 21:54:06 Wire.java DEBUG [main] http.wire 73 -  << "X-Xss-Protection: 1; mode=block[\r][\n]"
11-22-2022 21:54:06 Wire.java DEBUG [main] http.wire 73 -  << "Atl-Traceid: ba3b183efc205f4e[\r][\n]"
11-22-2022 21:54:06 Wire.java DEBUG [main] http.wire 73 -  << "Report-To: {"endpoints": [{"url": "https://dz8aopenkvv6s.cloudfront.net"}], "group": "endpoint-1", "include_subdomains": true, "max_age": 600}[\r][\n]"
11-22-2022 21:54:06 Wire.java DEBUG [main] http.wire 73 -  << "Nel: {"failure_fraction": 0.001, "include_subdomains": true, "max_age": 600, "report_to": "endpoint-1"}[\r][\n]"
11-22-2022 21:54:06 Wire.java DEBUG [main] http.wire 73 -  << "[\r][\n]"
11-22-2022 21:54:06 DefaultClientConnection.java DEBUG [main] conn.DefaultClientConnection 259 - Receiving response: HTTP/1.1 200 OK
11-22-2022 21:54:06 DefaultClientConnection.java DEBUG [main] http.headers 262 - << HTTP/1.1 200 OK
11-22-2022 21:54:06 DefaultClientConnection.java DEBUG [main] http.headers 265 - << Date: Tue, 22 Nov 2022 16:24:06 GMT
11-22-2022 21:54:06 DefaultClientConnection.java DEBUG [main] http.headers 265 - << Content-Type: application/json; charset=utf-8
11-22-2022 21:54:06 DefaultClientConnection.java DEBUG [main] http.headers 265 - << Content-Length: 181
11-22-2022 21:54:06 DefaultClientConnection.java DEBUG [main] http.headers 265 - << X-Dns-Prefetch-Control: off
11-22-2022 21:54:06 DefaultClientConnection.java DEBUG [main] http.headers 265 - << X-Frame-Options: DENY
11-22-2022 21:54:06 DefaultClientConnection.java DEBUG [main] http.headers 265 - << X-Download-Options: noopen
11-22-2022 21:54:06 DefaultClientConnection.java DEBUG [main] http.headers 265 - << X-Permitted-Cross-Domain-Policies: none
11-22-2022 21:54:06 DefaultClientConnection.java DEBUG [main] http.headers 265 - << Referrer-Policy: strict-origin-when-cross-origin
11-22-2022 21:54:06 DefaultClientConnection.java DEBUG [main] http.headers 265 - << Surrogate-Control: no-store
11-22-2022 21:54:06 DefaultClientConnection.java DEBUG [main] http.headers 265 - << Cache-Control: max-age=0, must-revalidate, no-cache, no-store
11-22-2022 21:54:06 DefaultClientConnection.java DEBUG [main] http.headers 265 - << Pragma: no-cache
11-22-2022 21:54:06 DefaultClientConnection.java DEBUG [main] http.headers 265 - << Expires: Thu, 01 Jan 1970 00:00:00
11-22-2022 21:54:06 DefaultClientConnection.java DEBUG [main] http.headers 265 - << X-Trello-Version: 1.170568.0
11-22-2022 21:54:06 DefaultClientConnection.java DEBUG [main] http.headers 265 - << X-Trello-Environment: Production (Micros)
11-22-2022 21:54:06 DefaultClientConnection.java DEBUG [main] http.headers 265 - << Access-Control-Allow-Origin: *
11-22-2022 21:54:06 DefaultClientConnection.java DEBUG [main] http.headers 265 - << Access-Control-Allow-Methods: GET, PUT, POST, DELETE
11-22-2022 21:54:06 DefaultClientConnection.java DEBUG [main] http.headers 265 - << Access-Control-Allow-Headers: Authorization, Accept, Content-Type
11-22-2022 21:54:06 DefaultClientConnection.java DEBUG [main] http.headers 265 - << Access-Control-Expose-Headers: x-rate-limit-api-key-interval-ms, x-rate-limit-api-key-max, x-rate-limit-api-key-remaining, x-rate-limit-api-token-interval-ms, x-rate-limit-api-token-max, x-rate-limit-api-token-remaining
11-22-2022 21:54:06 DefaultClientConnection.java DEBUG [main] http.headers 265 - << X-Rate-Limit-Api-Token-Interval-Ms: 10000
11-22-2022 21:54:06 DefaultClientConnection.java DEBUG [main] http.headers 265 - << X-Rate-Limit-Api-Token-Max: 100
11-22-2022 21:54:06 DefaultClientConnection.java DEBUG [main] http.headers 265 - << X-Rate-Limit-Api-Token-Remaining: 99
11-22-2022 21:54:06 DefaultClientConnection.java DEBUG [main] http.headers 265 - << X-Rate-Limit-Db-Query-Time-Interval-Ms: 600000
11-22-2022 21:54:06 DefaultClientConnection.java DEBUG [main] http.headers 265 - << X-Rate-Limit-Db-Query-Time-Max: 7200000
11-22-2022 21:54:06 DefaultClientConnection.java DEBUG [main] http.headers 265 - << X-Rate-Limit-Db-Query-Time-Remaining: 7199990
11-22-2022 21:54:06 DefaultClientConnection.java DEBUG [main] http.headers 265 - << X-Rate-Limit-Action-Interval-Ms: 3600000
11-22-2022 21:54:06 DefaultClientConnection.java DEBUG [main] http.headers 265 - << X-Rate-Limit-Action-Max: 15000
11-22-2022 21:54:06 DefaultClientConnection.java DEBUG [main] http.headers 265 - << X-Rate-Limit-Action-Remaining: 14999
11-22-2022 21:54:06 DefaultClientConnection.java DEBUG [main] http.headers 265 - << X-Rate-Limit-Api-Key-Interval-Ms: 10000
11-22-2022 21:54:06 DefaultClientConnection.java DEBUG [main] http.headers 265 - << X-Rate-Limit-Api-Key-Max: 300
11-22-2022 21:54:06 DefaultClientConnection.java DEBUG [main] http.headers 265 - << X-Rate-Limit-Api-Key-Remaining: 299
11-22-2022 21:54:06 DefaultClientConnection.java DEBUG [main] http.headers 265 - << X-Rate-Limit-Member-Interval-Ms: 10000
11-22-2022 21:54:06 DefaultClientConnection.java DEBUG [main] http.headers 265 - << X-Rate-Limit-Member-Max: 375
11-22-2022 21:54:06 DefaultClientConnection.java DEBUG [main] http.headers 265 - << X-Rate-Limit-Member-Remaining: 373
11-22-2022 21:54:06 DefaultClientConnection.java DEBUG [main] http.headers 265 - << Set-Cookie: preAuthProps=s%3A637b571e071bb7056eb94b61%3AisEnterpriseAdmin%3Dfalse.BsvCkeBZpDt2UycswUciukUDlffViKvce4GMwyTAYjA; Path=/; HttpOnly
11-22-2022 21:54:06 DefaultClientConnection.java DEBUG [main] http.headers 265 - << X-Server-Time: 1669134246629
11-22-2022 21:54:06 DefaultClientConnection.java DEBUG [main] http.headers 265 - << Server: AtlassianEdge
11-22-2022 21:54:06 DefaultClientConnection.java DEBUG [main] http.headers 265 - << Expect-Ct: report-uri="https://web-security-reports.services.atlassian.com/expect-ct-report/trello-edge", max-age=86400
11-22-2022 21:54:06 DefaultClientConnection.java DEBUG [main] http.headers 265 - << Strict-Transport-Security: max-age=63072000; preload
11-22-2022 21:54:06 DefaultClientConnection.java DEBUG [main] http.headers 265 - << X-Content-Type-Options: nosniff
11-22-2022 21:54:06 DefaultClientConnection.java DEBUG [main] http.headers 265 - << X-Xss-Protection: 1; mode=block
11-22-2022 21:54:06 DefaultClientConnection.java DEBUG [main] http.headers 265 - << Atl-Traceid: ba3b183efc205f4e
11-22-2022 21:54:06 DefaultClientConnection.java DEBUG [main] http.headers 265 - << Report-To: {"endpoints": [{"url": "https://dz8aopenkvv6s.cloudfront.net"}], "group": "endpoint-1", "include_subdomains": true, "max_age": 600}
11-22-2022 21:54:06 DefaultClientConnection.java DEBUG [main] http.headers 265 - << Nel: {"failure_fraction": 0.001, "include_subdomains": true, "max_age": 600, "report_to": "endpoint-1"}
11-22-2022 21:54:06 DefaultRequestDirector.java DEBUG [main] client.DefaultHttpClient 504 - Connection can be kept alive indefinitely
11-22-2022 21:54:06 HTTPBuilder.java DEBUG [main] internal.RequestSpecificationImpl$RestAssuredHttpBuilder 545 - Parsing response as: application/json; charset=utf-8
11-22-2022 21:54:06 HTTPBuilder.java DEBUG [main] internal.RequestSpecificationImpl$RestAssuredHttpBuilder 548 - Parsed data to instance of: class org.apache.http.conn.EofSensorInputStream
11-22-2022 21:54:06 Wire.java DEBUG [main] http.wire 87 -  << "{"id":"637cf7a6b0962e006722f51d","name":"this Is Create Check List","idBoard":"637cd1bc1109d10023418c1f","idCard":"637cd1d77177bc01d84bc37d","pos":16384,"checkItems":[],"limits":{}}"
11-22-2022 21:54:06 BasicClientConnectionManager.java DEBUG [main] conn.BasicClientConnectionManager 200 - Releasing connection org.apache.http.impl.conn.ManagedClientConnectionImpl@28ee7bee
11-22-2022 21:54:06 BasicClientConnectionManager.java DEBUG [main] conn.BasicClientConnectionManager 225 - Connection can be kept alive indefinitely
HTTP/1.1 200 OK
Date: Tue, 22 Nov 2022 16:24:06 GMT
Content-Type: application/json; charset=utf-8
Content-Length: 181
X-Dns-Prefetch-Control: off
X-Frame-Options: DENY
X-Download-Options: noopen
X-Permitted-Cross-Domain-Policies: none
Referrer-Policy: strict-origin-when-cross-origin
Surrogate-Control: no-store
Cache-Control: max-age=0, must-revalidate, no-cache, no-store
Pragma: no-cache
Expires: Thu, 01 Jan 1970 00:00:00
X-Trello-Version: 1.170568.0
X-Trello-Environment: Production (Micros)
Access-Control-Allow-Origin: *
Access-Control-Allow-Methods: GET, PUT, POST, DELETE
Access-Control-Allow-Headers: Authorization, Accept, Content-Type
Access-Control-Expose-Headers: x-rate-limit-api-key-interval-ms, x-rate-limit-api-key-max, x-rate-limit-api-key-remaining, x-rate-limit-api-token-interval-ms, x-rate-limit-api-token-max, x-rate-limit-api-token-remaining
X-Rate-Limit-Api-Token-Interval-Ms: 10000
X-Rate-Limit-Api-Token-Max: 100
X-Rate-Limit-Api-Token-Remaining: 99
X-Rate-Limit-Db-Query-Time-Interval-Ms: 600000
X-Rate-Limit-Db-Query-Time-Max: 7200000
X-Rate-Limit-Db-Query-Time-Remaining: 7199990
X-Rate-Limit-Action-Interval-Ms: 3600000
X-Rate-Limit-Action-Max: 15000
X-Rate-Limit-Action-Remaining: 14999
X-Rate-Limit-Api-Key-Interval-Ms: 10000
X-Rate-Limit-Api-Key-Max: 300
X-Rate-Limit-Api-Key-Remaining: 299
X-Rate-Limit-Member-Interval-Ms: 10000
X-Rate-Limit-Member-Max: 375
X-Rate-Limit-Member-Remaining: 373
Set-Cookie: preAuthProps=s%3A637b571e071bb7056eb94b61%3AisEnterpriseAdmin%3Dfalse.BsvCkeBZpDt2UycswUciukUDlffViKvce4GMwyTAYjA; Path=/; HttpOnly
X-Server-Time: 1669134246629
Server: AtlassianEdge
Expect-Ct: report-uri="https://web-security-reports.services.atlassian.com/expect-ct-report/trello-edge", max-age=86400
Strict-Transport-Security: max-age=63072000; preload
X-Content-Type-Options: nosniff
X-Xss-Protection: 1; mode=block
Atl-Traceid: ba3b183efc205f4e
Report-To: {"endpoints": [{"url": "https://dz8aopenkvv6s.cloudfront.net"}], "group": "endpoint-1", "include_subdomains": true, "max_age": 600}
Nel: {"failure_fraction": 0.001, "include_subdomains": true, "max_age": 600, "report_to": "endpoint-1"}

{
    "id": "637cf7a6b0962e006722f51d",
    "name": "this Is Create Check List",
    "idBoard": "637cd1bc1109d10023418c1f",
    "idCard": "637cd1d77177bc01d84bc37d",
    "pos": 16384,
    "checkItems": [
        
    ],
    "limits": {
        
    }
}
ID -->637cf7a6b0962e006722f51d
]]></system-out>
    <system-err><![CDATA[Nov 22, 2022 9:54:05 PM com.relevantcodes.extentreports.ExtentReports loadConfig
WARNING: Unable to perform report configuration. The file C:\Users\mohdtoukeer\eclipse-workspace\assignmentRest\null\reportConfig.xml was not found.
]]></system-err>
  </testcase>
  <testcase name="Update_a_Checklist" classname="testData.Checklist" time="0.712">
    <system-out><![CDATA[Create_a_checklist
11-22-2022 21:54:07 _Log4jLoggerFactory.java DEBUG [main] freemarker.cache 45 - Couldn't find template in cache for "Extent.ftl"("en_IN", UTF-8, parsed); will try to load it.
11-22-2022 21:54:07 _Log4jLoggerFactory.java DEBUG [main] freemarker.cache 45 - TemplateLoader.findTemplateSource("Extent_en_IN.ftl"): Not found
11-22-2022 21:54:07 _Log4jLoggerFactory.java DEBUG [main] freemarker.cache 45 - TemplateLoader.findTemplateSource("Extent_en.ftl"): Not found
11-22-2022 21:54:07 _Log4jLoggerFactory.java DEBUG [main] freemarker.cache 45 - TemplateLoader.findTemplateSource("Extent.ftl"): Found
11-22-2022 21:54:07 _Log4jLoggerFactory.java DEBUG [main] freemarker.cache 45 - Loading template for "Extent.ftl"("en_IN", UTF-8, parsed) from "jar:file:/C:/Users/mohdtoukeer/.m2/repository/com/relevantcodes/extentreports/2.41.2/extentreports-2.41.2.jar!/com/relevantcodes/extentreports/view/Extent.ftl"
11-22-2022 21:54:07 BasicClientConnectionManager.java DEBUG [main] conn.BasicClientConnectionManager 161 - Get connection for route {s}->https://trello.com:443
11-22-2022 21:54:07 DefaultClientConnectionOperator.java DEBUG [main] conn.DefaultClientConnectionOperator 177 - Connecting to trello.com:443
11-22-2022 21:54:07 RequestAddCookies.java DEBUG [main] protocol.RequestAddCookies 123 - CookieSpec selected: ignoreCookies
11-22-2022 21:54:07 RequestAuthCache.java DEBUG [main] protocol.RequestAuthCache 77 - Auth cache not set in the context
11-22-2022 21:54:07 RequestTargetAuthentication.java DEBUG [main] protocol.RequestTargetAuthentication 80 - Target auth state: UNCHALLENGED
11-22-2022 21:54:07 RequestProxyAuthentication.java DEBUG [main] protocol.RequestProxyAuthentication 89 - Proxy auth state: UNCHALLENGED
11-22-2022 21:54:07 DefaultRequestDirector.java DEBUG [main] client.DefaultHttpClient 677 - Attempt 1 to execute request
11-22-2022 21:54:07 DefaultClientConnection.java DEBUG [main] conn.DefaultClientConnection 274 - Sending request: PUT /1/CheckLists/637cf7a6b0962e006722f51d?key=a277033a8a8b651020ff746999dd35ac&token=87a0cfec0eeabc87a28151de40d5e349235a77f1033345100796efc9a8f716f9 HTTP/1.1
11-22-2022 21:54:07 Wire.java DEBUG [main] http.wire 73 -  >> "PUT /1/CheckLists/637cf7a6b0962e006722f51d?key=a277033a8a8b651020ff746999dd35ac&token=87a0cfec0eeabc87a28151de40d5e349235a77f1033345100796efc9a8f716f9 HTTP/1.1[\r][\n]"
11-22-2022 21:54:07 Wire.java DEBUG [main] http.wire 73 -  >> "Accept:  application/json[\r][\n]"
11-22-2022 21:54:07 Wire.java DEBUG [main] http.wire 73 -  >> "Content-Type: application/json[\r][\n]"
11-22-2022 21:54:07 Wire.java DEBUG [main] http.wire 73 -  >> "Content-Length: 44[\r][\n]"
11-22-2022 21:54:07 Wire.java DEBUG [main] http.wire 73 -  >> "Host: trello.com[\r][\n]"
11-22-2022 21:54:07 Wire.java DEBUG [main] http.wire 73 -  >> "Connection: Keep-Alive[\r][\n]"
11-22-2022 21:54:07 Wire.java DEBUG [main] http.wire 73 -  >> "User-Agent: Apache-HttpClient/4.5.13 (Java/11.0.1)[\r][\n]"
11-22-2022 21:54:07 Wire.java DEBUG [main] http.wire 73 -  >> "Accept-Encoding: gzip,deflate[\r][\n]"
11-22-2022 21:54:07 Wire.java DEBUG [main] http.wire 73 -  >> "[\r][\n]"
11-22-2022 21:54:07 DefaultClientConnection.java DEBUG [main] http.headers 278 - >> PUT /1/CheckLists/637cf7a6b0962e006722f51d?key=a277033a8a8b651020ff746999dd35ac&token=87a0cfec0eeabc87a28151de40d5e349235a77f1033345100796efc9a8f716f9 HTTP/1.1
11-22-2022 21:54:07 DefaultClientConnection.java DEBUG [main] http.headers 281 - >> Accept:  application/json
11-22-2022 21:54:07 DefaultClientConnection.java DEBUG [main] http.headers 281 - >> Content-Type: application/json
11-22-2022 21:54:07 DefaultClientConnection.java DEBUG [main] http.headers 281 - >> Content-Length: 44
11-22-2022 21:54:07 DefaultClientConnection.java DEBUG [main] http.headers 281 - >> Host: trello.com
11-22-2022 21:54:07 DefaultClientConnection.java DEBUG [main] http.headers 281 - >> Connection: Keep-Alive
11-22-2022 21:54:07 DefaultClientConnection.java DEBUG [main] http.headers 281 - >> User-Agent: Apache-HttpClient/4.5.13 (Java/11.0.1)
11-22-2022 21:54:07 DefaultClientConnection.java DEBUG [main] http.headers 281 - >> Accept-Encoding: gzip,deflate
11-22-2022 21:54:07 Wire.java DEBUG [main] http.wire 73 -  >> "{[\r][\n]"
11-22-2022 21:54:07 Wire.java DEBUG [main] http.wire 73 -  >> ""name" : "This Is Upadeted Check List"[\r][\n]"
11-22-2022 21:54:07 Wire.java DEBUG [main] http.wire 87 -  >> "}"
11-22-2022 21:54:08 Wire.java DEBUG [main] http.wire 73 -  << "HTTP/1.1 200 OK[\r][\n]"
11-22-2022 21:54:08 Wire.java DEBUG [main] http.wire 73 -  << "Date: Tue, 22 Nov 2022 16:24:08 GMT[\r][\n]"
11-22-2022 21:54:08 Wire.java DEBUG [main] http.wire 73 -  << "Content-Type: application/json; charset=utf-8[\r][\n]"
11-22-2022 21:54:08 Wire.java DEBUG [main] http.wire 73 -  << "Content-Length: 171[\r][\n]"
11-22-2022 21:54:08 Wire.java DEBUG [main] http.wire 73 -  << "X-Dns-Prefetch-Control: off[\r][\n]"
11-22-2022 21:54:08 Wire.java DEBUG [main] http.wire 73 -  << "X-Frame-Options: DENY[\r][\n]"
11-22-2022 21:54:08 Wire.java DEBUG [main] http.wire 73 -  << "X-Download-Options: noopen[\r][\n]"
11-22-2022 21:54:08 Wire.java DEBUG [main] http.wire 73 -  << "X-Permitted-Cross-Domain-Policies: none[\r][\n]"
11-22-2022 21:54:08 Wire.java DEBUG [main] http.wire 73 -  << "Referrer-Policy: strict-origin-when-cross-origin[\r][\n]"
11-22-2022 21:54:08 Wire.java DEBUG [main] http.wire 73 -  << "Surrogate-Control: no-store[\r][\n]"
11-22-2022 21:54:08 Wire.java DEBUG [main] http.wire 73 -  << "Cache-Control: max-age=0, must-revalidate, no-cache, no-store[\r][\n]"
11-22-2022 21:54:08 Wire.java DEBUG [main] http.wire 73 -  << "Pragma: no-cache[\r][\n]"
11-22-2022 21:54:08 Wire.java DEBUG [main] http.wire 73 -  << "Expires: Thu, 01 Jan 1970 00:00:00[\r][\n]"
11-22-2022 21:54:08 Wire.java DEBUG [main] http.wire 73 -  << "X-Trello-Version: 1.170568.0[\r][\n]"
11-22-2022 21:54:08 Wire.java DEBUG [main] http.wire 73 -  << "X-Trello-Environment: Production (Micros)[\r][\n]"
11-22-2022 21:54:08 Wire.java DEBUG [main] http.wire 73 -  << "Access-Control-Allow-Origin: *[\r][\n]"
11-22-2022 21:54:08 Wire.java DEBUG [main] http.wire 73 -  << "Access-Control-Allow-Methods: GET, PUT, POST, DELETE[\r][\n]"
11-22-2022 21:54:08 Wire.java DEBUG [main] http.wire 73 -  << "Access-Control-Allow-Headers: Authorization, Accept, Content-Type[\r][\n]"
11-22-2022 21:54:08 Wire.java DEBUG [main] http.wire 73 -  << "Access-Control-Expose-Headers: x-rate-limit-api-key-interval-ms, x-rate-limit-api-key-max, x-rate-limit-api-key-remaining, x-rate-limit-api-token-interval-ms, x-rate-limit-api-token-max, x-rate-limit-api-token-remaining[\r][\n]"
11-22-2022 21:54:08 Wire.java DEBUG [main] http.wire 73 -  << "X-Rate-Limit-Api-Token-Interval-Ms: 10000[\r][\n]"
11-22-2022 21:54:08 Wire.java DEBUG [main] http.wire 73 -  << "X-Rate-Limit-Api-Token-Max: 100[\r][\n]"
11-22-2022 21:54:08 Wire.java DEBUG [main] http.wire 73 -  << "X-Rate-Limit-Api-Token-Remaining: 98[\r][\n]"
11-22-2022 21:54:08 Wire.java DEBUG [main] http.wire 73 -  << "X-Rate-Limit-Db-Query-Time-Interval-Ms: 600000[\r][\n]"
11-22-2022 21:54:08 Wire.java DEBUG [main] http.wire 73 -  << "X-Rate-Limit-Db-Query-Time-Max: 7200000[\r][\n]"
11-22-2022 21:54:08 Wire.java DEBUG [main] http.wire 73 -  << "X-Rate-Limit-Db-Query-Time-Remaining: 7199990[\r][\n]"
11-22-2022 21:54:08 Wire.java DEBUG [main] http.wire 73 -  << "X-Rate-Limit-Action-Interval-Ms: 3600000[\r][\n]"
11-22-2022 21:54:08 Wire.java DEBUG [main] http.wire 73 -  << "X-Rate-Limit-Action-Max: 15000[\r][\n]"
11-22-2022 21:54:08 Wire.java DEBUG [main] http.wire 73 -  << "X-Rate-Limit-Action-Remaining: 14999[\r][\n]"
11-22-2022 21:54:08 Wire.java DEBUG [main] http.wire 73 -  << "X-Rate-Limit-Api-Key-Interval-Ms: 10000[\r][\n]"
11-22-2022 21:54:08 Wire.java DEBUG [main] http.wire 73 -  << "X-Rate-Limit-Api-Key-Max: 300[\r][\n]"
11-22-2022 21:54:08 Wire.java DEBUG [main] http.wire 73 -  << "X-Rate-Limit-Api-Key-Remaining: 298[\r][\n]"
11-22-2022 21:54:08 Wire.java DEBUG [main] http.wire 73 -  << "X-Rate-Limit-Member-Interval-Ms: 10000[\r][\n]"
11-22-2022 21:54:08 Wire.java DEBUG [main] http.wire 73 -  << "X-Rate-Limit-Member-Max: 375[\r][\n]"
11-22-2022 21:54:08 Wire.java DEBUG [main] http.wire 73 -  << "X-Rate-Limit-Member-Remaining: 372[\r][\n]"
11-22-2022 21:54:08 Wire.java DEBUG [main] http.wire 73 -  << "Set-Cookie: preAuthProps=s%3A637b571e071bb7056eb94b61%3AisEnterpriseAdmin%3Dfalse.BsvCkeBZpDt2UycswUciukUDlffViKvce4GMwyTAYjA; Path=/; HttpOnly[\r][\n]"
11-22-2022 21:54:08 Wire.java DEBUG [main] http.wire 73 -  << "X-Server-Time: 1669134248007[\r][\n]"
11-22-2022 21:54:08 Wire.java DEBUG [main] http.wire 73 -  << "Server: AtlassianEdge[\r][\n]"
11-22-2022 21:54:08 Wire.java DEBUG [main] http.wire 73 -  << "Expect-Ct: report-uri="https://web-security-reports.services.atlassian.com/expect-ct-report/trello-edge", max-age=86400[\r][\n]"
11-22-2022 21:54:08 Wire.java DEBUG [main] http.wire 73 -  << "Strict-Transport-Security: max-age=63072000; preload[\r][\n]"
11-22-2022 21:54:08 Wire.java DEBUG [main] http.wire 73 -  << "X-Content-Type-Options: nosniff[\r][\n]"
11-22-2022 21:54:08 Wire.java DEBUG [main] http.wire 73 -  << "X-Xss-Protection: 1; mode=block[\r][\n]"
11-22-2022 21:54:08 Wire.java DEBUG [main] http.wire 73 -  << "Atl-Traceid: 81531ba3a894dc6a[\r][\n]"
11-22-2022 21:54:08 Wire.java DEBUG [main] http.wire 73 -  << "Report-To: {"endpoints": [{"url": "https://dz8aopenkvv6s.cloudfront.net"}], "group": "endpoint-1", "include_subdomains": true, "max_age": 600}[\r][\n]"
11-22-2022 21:54:08 Wire.java DEBUG [main] http.wire 73 -  << "Nel: {"failure_fraction": 0.001, "include_subdomains": true, "max_age": 600, "report_to": "endpoint-1"}[\r][\n]"
11-22-2022 21:54:08 Wire.java DEBUG [main] http.wire 73 -  << "[\r][\n]"
11-22-2022 21:54:08 DefaultClientConnection.java DEBUG [main] conn.DefaultClientConnection 259 - Receiving response: HTTP/1.1 200 OK
11-22-2022 21:54:08 DefaultClientConnection.java DEBUG [main] http.headers 262 - << HTTP/1.1 200 OK
11-22-2022 21:54:08 DefaultClientConnection.java DEBUG [main] http.headers 265 - << Date: Tue, 22 Nov 2022 16:24:08 GMT
11-22-2022 21:54:08 DefaultClientConnection.java DEBUG [main] http.headers 265 - << Content-Type: application/json; charset=utf-8
11-22-2022 21:54:08 DefaultClientConnection.java DEBUG [main] http.headers 265 - << Content-Length: 171
11-22-2022 21:54:08 DefaultClientConnection.java DEBUG [main] http.headers 265 - << X-Dns-Prefetch-Control: off
11-22-2022 21:54:08 DefaultClientConnection.java DEBUG [main] http.headers 265 - << X-Frame-Options: DENY
11-22-2022 21:54:08 DefaultClientConnection.java DEBUG [main] http.headers 265 - << X-Download-Options: noopen
11-22-2022 21:54:08 DefaultClientConnection.java DEBUG [main] http.headers 265 - << X-Permitted-Cross-Domain-Policies: none
11-22-2022 21:54:08 DefaultClientConnection.java DEBUG [main] http.headers 265 - << Referrer-Policy: strict-origin-when-cross-origin
11-22-2022 21:54:08 DefaultClientConnection.java DEBUG [main] http.headers 265 - << Surrogate-Control: no-store
11-22-2022 21:54:08 DefaultClientConnection.java DEBUG [main] http.headers 265 - << Cache-Control: max-age=0, must-revalidate, no-cache, no-store
11-22-2022 21:54:08 DefaultClientConnection.java DEBUG [main] http.headers 265 - << Pragma: no-cache
11-22-2022 21:54:08 DefaultClientConnection.java DEBUG [main] http.headers 265 - << Expires: Thu, 01 Jan 1970 00:00:00
11-22-2022 21:54:08 DefaultClientConnection.java DEBUG [main] http.headers 265 - << X-Trello-Version: 1.170568.0
11-22-2022 21:54:08 DefaultClientConnection.java DEBUG [main] http.headers 265 - << X-Trello-Environment: Production (Micros)
11-22-2022 21:54:08 DefaultClientConnection.java DEBUG [main] http.headers 265 - << Access-Control-Allow-Origin: *
11-22-2022 21:54:08 DefaultClientConnection.java DEBUG [main] http.headers 265 - << Access-Control-Allow-Methods: GET, PUT, POST, DELETE
11-22-2022 21:54:08 DefaultClientConnection.java DEBUG [main] http.headers 265 - << Access-Control-Allow-Headers: Authorization, Accept, Content-Type
11-22-2022 21:54:08 DefaultClientConnection.java DEBUG [main] http.headers 265 - << Access-Control-Expose-Headers: x-rate-limit-api-key-interval-ms, x-rate-limit-api-key-max, x-rate-limit-api-key-remaining, x-rate-limit-api-token-interval-ms, x-rate-limit-api-token-max, x-rate-limit-api-token-remaining
11-22-2022 21:54:08 DefaultClientConnection.java DEBUG [main] http.headers 265 - << X-Rate-Limit-Api-Token-Interval-Ms: 10000
11-22-2022 21:54:08 DefaultClientConnection.java DEBUG [main] http.headers 265 - << X-Rate-Limit-Api-Token-Max: 100
11-22-2022 21:54:08 DefaultClientConnection.java DEBUG [main] http.headers 265 - << X-Rate-Limit-Api-Token-Remaining: 98
11-22-2022 21:54:08 DefaultClientConnection.java DEBUG [main] http.headers 265 - << X-Rate-Limit-Db-Query-Time-Interval-Ms: 600000
11-22-2022 21:54:08 DefaultClientConnection.java DEBUG [main] http.headers 265 - << X-Rate-Limit-Db-Query-Time-Max: 7200000
11-22-2022 21:54:08 DefaultClientConnection.java DEBUG [main] http.headers 265 - << X-Rate-Limit-Db-Query-Time-Remaining: 7199990
11-22-2022 21:54:08 DefaultClientConnection.java DEBUG [main] http.headers 265 - << X-Rate-Limit-Action-Interval-Ms: 3600000
11-22-2022 21:54:08 DefaultClientConnection.java DEBUG [main] http.headers 265 - << X-Rate-Limit-Action-Max: 15000
11-22-2022 21:54:08 DefaultClientConnection.java DEBUG [main] http.headers 265 - << X-Rate-Limit-Action-Remaining: 14999
11-22-2022 21:54:08 DefaultClientConnection.java DEBUG [main] http.headers 265 - << X-Rate-Limit-Api-Key-Interval-Ms: 10000
11-22-2022 21:54:08 DefaultClientConnection.java DEBUG [main] http.headers 265 - << X-Rate-Limit-Api-Key-Max: 300
11-22-2022 21:54:08 DefaultClientConnection.java DEBUG [main] http.headers 265 - << X-Rate-Limit-Api-Key-Remaining: 298
11-22-2022 21:54:08 DefaultClientConnection.java DEBUG [main] http.headers 265 - << X-Rate-Limit-Member-Interval-Ms: 10000
11-22-2022 21:54:08 DefaultClientConnection.java DEBUG [main] http.headers 265 - << X-Rate-Limit-Member-Max: 375
11-22-2022 21:54:08 DefaultClientConnection.java DEBUG [main] http.headers 265 - << X-Rate-Limit-Member-Remaining: 372
11-22-2022 21:54:08 DefaultClientConnection.java DEBUG [main] http.headers 265 - << Set-Cookie: preAuthProps=s%3A637b571e071bb7056eb94b61%3AisEnterpriseAdmin%3Dfalse.BsvCkeBZpDt2UycswUciukUDlffViKvce4GMwyTAYjA; Path=/; HttpOnly
11-22-2022 21:54:08 DefaultClientConnection.java DEBUG [main] http.headers 265 - << X-Server-Time: 1669134248007
11-22-2022 21:54:08 DefaultClientConnection.java DEBUG [main] http.headers 265 - << Server: AtlassianEdge
11-22-2022 21:54:08 DefaultClientConnection.java DEBUG [main] http.headers 265 - << Expect-Ct: report-uri="https://web-security-reports.services.atlassian.com/expect-ct-report/trello-edge", max-age=86400
11-22-2022 21:54:08 DefaultClientConnection.java DEBUG [main] http.headers 265 - << Strict-Transport-Security: max-age=63072000; preload
11-22-2022 21:54:08 DefaultClientConnection.java DEBUG [main] http.headers 265 - << X-Content-Type-Options: nosniff
11-22-2022 21:54:08 DefaultClientConnection.java DEBUG [main] http.headers 265 - << X-Xss-Protection: 1; mode=block
11-22-2022 21:54:08 DefaultClientConnection.java DEBUG [main] http.headers 265 - << Atl-Traceid: 81531ba3a894dc6a
11-22-2022 21:54:08 DefaultClientConnection.java DEBUG [main] http.headers 265 - << Report-To: {"endpoints": [{"url": "https://dz8aopenkvv6s.cloudfront.net"}], "group": "endpoint-1", "include_subdomains": true, "max_age": 600}
11-22-2022 21:54:08 DefaultClientConnection.java DEBUG [main] http.headers 265 - << Nel: {"failure_fraction": 0.001, "include_subdomains": true, "max_age": 600, "report_to": "endpoint-1"}
11-22-2022 21:54:08 DefaultRequestDirector.java DEBUG [main] client.DefaultHttpClient 504 - Connection can be kept alive indefinitely
11-22-2022 21:54:08 HTTPBuilder.java DEBUG [main] internal.RequestSpecificationImpl$RestAssuredHttpBuilder 545 - Parsing response as: application/json; charset=utf-8
11-22-2022 21:54:08 HTTPBuilder.java DEBUG [main] internal.RequestSpecificationImpl$RestAssuredHttpBuilder 548 - Parsed data to instance of: class org.apache.http.conn.EofSensorInputStream
11-22-2022 21:54:08 Wire.java DEBUG [main] http.wire 87 -  << "{"id":"637cf7a6b0962e006722f51d","name":"This Is Upadeted Check List","idBoard":"637cd1bc1109d10023418c1f","idCard":"637cd1d77177bc01d84bc37d","pos":16384,"checkItems":[]}"
11-22-2022 21:54:08 BasicClientConnectionManager.java DEBUG [main] conn.BasicClientConnectionManager 200 - Releasing connection org.apache.http.impl.conn.ManagedClientConnectionImpl@527a8665
11-22-2022 21:54:08 BasicClientConnectionManager.java DEBUG [main] conn.BasicClientConnectionManager 225 - Connection can be kept alive indefinitely
HTTP/1.1 200 OK
Date: Tue, 22 Nov 2022 16:24:08 GMT
Content-Type: application/json; charset=utf-8
Content-Length: 171
X-Dns-Prefetch-Control: off
X-Frame-Options: DENY
X-Download-Options: noopen
X-Permitted-Cross-Domain-Policies: none
Referrer-Policy: strict-origin-when-cross-origin
Surrogate-Control: no-store
Cache-Control: max-age=0, must-revalidate, no-cache, no-store
Pragma: no-cache
Expires: Thu, 01 Jan 1970 00:00:00
X-Trello-Version: 1.170568.0
X-Trello-Environment: Production (Micros)
Access-Control-Allow-Origin: *
Access-Control-Allow-Methods: GET, PUT, POST, DELETE
Access-Control-Allow-Headers: Authorization, Accept, Content-Type
Access-Control-Expose-Headers: x-rate-limit-api-key-interval-ms, x-rate-limit-api-key-max, x-rate-limit-api-key-remaining, x-rate-limit-api-token-interval-ms, x-rate-limit-api-token-max, x-rate-limit-api-token-remaining
X-Rate-Limit-Api-Token-Interval-Ms: 10000
X-Rate-Limit-Api-Token-Max: 100
X-Rate-Limit-Api-Token-Remaining: 98
X-Rate-Limit-Db-Query-Time-Interval-Ms: 600000
X-Rate-Limit-Db-Query-Time-Max: 7200000
X-Rate-Limit-Db-Query-Time-Remaining: 7199990
X-Rate-Limit-Action-Interval-Ms: 3600000
X-Rate-Limit-Action-Max: 15000
X-Rate-Limit-Action-Remaining: 14999
X-Rate-Limit-Api-Key-Interval-Ms: 10000
X-Rate-Limit-Api-Key-Max: 300
X-Rate-Limit-Api-Key-Remaining: 298
X-Rate-Limit-Member-Interval-Ms: 10000
X-Rate-Limit-Member-Max: 375
X-Rate-Limit-Member-Remaining: 372
Set-Cookie: preAuthProps=s%3A637b571e071bb7056eb94b61%3AisEnterpriseAdmin%3Dfalse.BsvCkeBZpDt2UycswUciukUDlffViKvce4GMwyTAYjA; Path=/; HttpOnly
X-Server-Time: 1669134248007
Server: AtlassianEdge
Expect-Ct: report-uri="https://web-security-reports.services.atlassian.com/expect-ct-report/trello-edge", max-age=86400
Strict-Transport-Security: max-age=63072000; preload
X-Content-Type-Options: nosniff
X-Xss-Protection: 1; mode=block
Atl-Traceid: 81531ba3a894dc6a
Report-To: {"endpoints": [{"url": "https://dz8aopenkvv6s.cloudfront.net"}], "group": "endpoint-1", "include_subdomains": true, "max_age": 600}
Nel: {"failure_fraction": 0.001, "include_subdomains": true, "max_age": 600, "report_to": "endpoint-1"}

{
    "id": "637cf7a6b0962e006722f51d",
    "name": "This Is Upadeted Check List",
    "idBoard": "637cd1bc1109d10023418c1f",
    "idCard": "637cd1d77177bc01d84bc37d",
    "pos": 16384,
    "checkItems": [
        
    ]
}
ID -->637cf7a6b0962e006722f51d
]]></system-out>
  </testcase>
  <testcase name="Get_a_Checklist" classname="testData.Checklist" time="0.609">
    <system-out><![CDATA[Update_a_Checklist
11-22-2022 21:54:08 _Log4jLoggerFactory.java DEBUG [main] freemarker.cache 45 - Couldn't find template in cache for "Extent.ftl"("en_IN", UTF-8, parsed); will try to load it.
11-22-2022 21:54:08 _Log4jLoggerFactory.java DEBUG [main] freemarker.cache 45 - TemplateLoader.findTemplateSource("Extent_en_IN.ftl"): Not found
11-22-2022 21:54:08 _Log4jLoggerFactory.java DEBUG [main] freemarker.cache 45 - TemplateLoader.findTemplateSource("Extent_en.ftl"): Not found
11-22-2022 21:54:08 _Log4jLoggerFactory.java DEBUG [main] freemarker.cache 45 - TemplateLoader.findTemplateSource("Extent.ftl"): Found
11-22-2022 21:54:08 _Log4jLoggerFactory.java DEBUG [main] freemarker.cache 45 - Loading template for "Extent.ftl"("en_IN", UTF-8, parsed) from "jar:file:/C:/Users/mohdtoukeer/.m2/repository/com/relevantcodes/extentreports/2.41.2/extentreports-2.41.2.jar!/com/relevantcodes/extentreports/view/Extent.ftl"
11-22-2022 21:54:08 BasicClientConnectionManager.java DEBUG [main] conn.BasicClientConnectionManager 161 - Get connection for route {s}->https://trello.com:443
11-22-2022 21:54:08 DefaultClientConnectionOperator.java DEBUG [main] conn.DefaultClientConnectionOperator 177 - Connecting to trello.com:443
11-22-2022 21:54:08 RequestAddCookies.java DEBUG [main] protocol.RequestAddCookies 123 - CookieSpec selected: ignoreCookies
11-22-2022 21:54:08 RequestAuthCache.java DEBUG [main] protocol.RequestAuthCache 77 - Auth cache not set in the context
11-22-2022 21:54:08 RequestTargetAuthentication.java DEBUG [main] protocol.RequestTargetAuthentication 80 - Target auth state: UNCHALLENGED
11-22-2022 21:54:08 RequestProxyAuthentication.java DEBUG [main] protocol.RequestProxyAuthentication 89 - Proxy auth state: UNCHALLENGED
11-22-2022 21:54:08 DefaultRequestDirector.java DEBUG [main] client.DefaultHttpClient 677 - Attempt 1 to execute request
11-22-2022 21:54:08 DefaultClientConnection.java DEBUG [main] conn.DefaultClientConnection 274 - Sending request: GET /1/CheckLists/637cf7a6b0962e006722f51d?key=a277033a8a8b651020ff746999dd35ac&token=87a0cfec0eeabc87a28151de40d5e349235a77f1033345100796efc9a8f716f9 HTTP/1.1
11-22-2022 21:54:08 Wire.java DEBUG [main] http.wire 73 -  >> "GET /1/CheckLists/637cf7a6b0962e006722f51d?key=a277033a8a8b651020ff746999dd35ac&token=87a0cfec0eeabc87a28151de40d5e349235a77f1033345100796efc9a8f716f9 HTTP/1.1[\r][\n]"
11-22-2022 21:54:08 Wire.java DEBUG [main] http.wire 73 -  >> "Accept: application/json[\r][\n]"
11-22-2022 21:54:08 Wire.java DEBUG [main] http.wire 73 -  >> "Host: trello.com[\r][\n]"
11-22-2022 21:54:08 Wire.java DEBUG [main] http.wire 73 -  >> "Connection: Keep-Alive[\r][\n]"
11-22-2022 21:54:08 Wire.java DEBUG [main] http.wire 73 -  >> "User-Agent: Apache-HttpClient/4.5.13 (Java/11.0.1)[\r][\n]"
11-22-2022 21:54:08 Wire.java DEBUG [main] http.wire 73 -  >> "Accept-Encoding: gzip,deflate[\r][\n]"
11-22-2022 21:54:08 Wire.java DEBUG [main] http.wire 73 -  >> "[\r][\n]"
11-22-2022 21:54:08 DefaultClientConnection.java DEBUG [main] http.headers 278 - >> GET /1/CheckLists/637cf7a6b0962e006722f51d?key=a277033a8a8b651020ff746999dd35ac&token=87a0cfec0eeabc87a28151de40d5e349235a77f1033345100796efc9a8f716f9 HTTP/1.1
11-22-2022 21:54:08 DefaultClientConnection.java DEBUG [main] http.headers 281 - >> Accept: application/json
11-22-2022 21:54:08 DefaultClientConnection.java DEBUG [main] http.headers 281 - >> Host: trello.com
11-22-2022 21:54:08 DefaultClientConnection.java DEBUG [main] http.headers 281 - >> Connection: Keep-Alive
11-22-2022 21:54:08 DefaultClientConnection.java DEBUG [main] http.headers 281 - >> User-Agent: Apache-HttpClient/4.5.13 (Java/11.0.1)
11-22-2022 21:54:08 DefaultClientConnection.java DEBUG [main] http.headers 281 - >> Accept-Encoding: gzip,deflate
11-22-2022 21:54:08 Wire.java DEBUG [main] http.wire 73 -  << "HTTP/1.1 200 OK[\r][\n]"
11-22-2022 21:54:08 Wire.java DEBUG [main] http.wire 73 -  << "Date: Tue, 22 Nov 2022 16:24:08 GMT[\r][\n]"
11-22-2022 21:54:08 Wire.java DEBUG [main] http.wire 73 -  << "Content-Type: application/json; charset=utf-8[\r][\n]"
11-22-2022 21:54:08 Wire.java DEBUG [main] http.wire 73 -  << "Content-Length: 171[\r][\n]"
11-22-2022 21:54:08 Wire.java DEBUG [main] http.wire 73 -  << "X-Dns-Prefetch-Control: off[\r][\n]"
11-22-2022 21:54:08 Wire.java DEBUG [main] http.wire 73 -  << "X-Frame-Options: DENY[\r][\n]"
11-22-2022 21:54:08 Wire.java DEBUG [main] http.wire 73 -  << "X-Download-Options: noopen[\r][\n]"
11-22-2022 21:54:08 Wire.java DEBUG [main] http.wire 73 -  << "X-Permitted-Cross-Domain-Policies: none[\r][\n]"
11-22-2022 21:54:08 Wire.java DEBUG [main] http.wire 73 -  << "Referrer-Policy: strict-origin-when-cross-origin[\r][\n]"
11-22-2022 21:54:08 Wire.java DEBUG [main] http.wire 73 -  << "Surrogate-Control: no-store[\r][\n]"
11-22-2022 21:54:08 Wire.java DEBUG [main] http.wire 73 -  << "Cache-Control: max-age=0, must-revalidate, no-cache, no-store[\r][\n]"
11-22-2022 21:54:08 Wire.java DEBUG [main] http.wire 73 -  << "Pragma: no-cache[\r][\n]"
11-22-2022 21:54:08 Wire.java DEBUG [main] http.wire 73 -  << "Expires: Thu, 01 Jan 1970 00:00:00[\r][\n]"
11-22-2022 21:54:08 Wire.java DEBUG [main] http.wire 73 -  << "X-Trello-Version: 1.170568.0[\r][\n]"
11-22-2022 21:54:08 Wire.java DEBUG [main] http.wire 73 -  << "X-Trello-Environment: Production (Micros)[\r][\n]"
11-22-2022 21:54:08 Wire.java DEBUG [main] http.wire 73 -  << "Set-Cookie: dsc=f0ae0ce467eb6b50cf7b442f5d24687d0b5485e5fa4eea8caeadf6c62e9b6f80; Path=/; Expires=Fri, 25 Nov 2022 16:24:08 GMT; Secure[\r][\n]"
11-22-2022 21:54:08 Wire.java DEBUG [main] http.wire 73 -  << "Set-Cookie: preAuthProps=s%3A637b571e071bb7056eb94b61%3AisEnterpriseAdmin%3Dfalse.BsvCkeBZpDt2UycswUciukUDlffViKvce4GMwyTAYjA; Path=/; HttpOnly[\r][\n]"
11-22-2022 21:54:08 Wire.java DEBUG [main] http.wire 73 -  << "Access-Control-Allow-Origin: *[\r][\n]"
11-22-2022 21:54:08 Wire.java DEBUG [main] http.wire 73 -  << "Access-Control-Allow-Methods: GET, PUT, POST, DELETE[\r][\n]"
11-22-2022 21:54:08 Wire.java DEBUG [main] http.wire 73 -  << "Access-Control-Allow-Headers: Authorization, Accept, Content-Type[\r][\n]"
11-22-2022 21:54:08 Wire.java DEBUG [main] http.wire 73 -  << "Access-Control-Expose-Headers: x-rate-limit-api-key-interval-ms, x-rate-limit-api-key-max, x-rate-limit-api-key-remaining, x-rate-limit-api-token-interval-ms, x-rate-limit-api-token-max, x-rate-limit-api-token-remaining[\r][\n]"
11-22-2022 21:54:08 Wire.java DEBUG [main] http.wire 73 -  << "X-Rate-Limit-Api-Token-Interval-Ms: 10000[\r][\n]"
11-22-2022 21:54:08 Wire.java DEBUG [main] http.wire 73 -  << "X-Rate-Limit-Api-Token-Max: 100[\r][\n]"
11-22-2022 21:54:08 Wire.java DEBUG [main] http.wire 73 -  << "X-Rate-Limit-Api-Token-Remaining: 97[\r][\n]"
11-22-2022 21:54:08 Wire.java DEBUG [main] http.wire 73 -  << "X-Rate-Limit-Db-Query-Time-Interval-Ms: 600000[\r][\n]"
11-22-2022 21:54:08 Wire.java DEBUG [main] http.wire 73 -  << "X-Rate-Limit-Db-Query-Time-Max: 7200000[\r][\n]"
11-22-2022 21:54:08 Wire.java DEBUG [main] http.wire 73 -  << "X-Rate-Limit-Db-Query-Time-Remaining: 7199990[\r][\n]"
11-22-2022 21:54:08 Wire.java DEBUG [main] http.wire 73 -  << "X-Rate-Limit-Api-Key-Interval-Ms: 10000[\r][\n]"
11-22-2022 21:54:08 Wire.java DEBUG [main] http.wire 73 -  << "X-Rate-Limit-Api-Key-Max: 300[\r][\n]"
11-22-2022 21:54:08 Wire.java DEBUG [main] http.wire 73 -  << "X-Rate-Limit-Api-Key-Remaining: 297[\r][\n]"
11-22-2022 21:54:08 Wire.java DEBUG [main] http.wire 73 -  << "X-Rate-Limit-Member-Interval-Ms: 10000[\r][\n]"
11-22-2022 21:54:08 Wire.java DEBUG [main] http.wire 73 -  << "X-Rate-Limit-Member-Max: 375[\r][\n]"
11-22-2022 21:54:08 Wire.java DEBUG [main] http.wire 73 -  << "X-Rate-Limit-Member-Remaining: 371[\r][\n]"
11-22-2022 21:54:08 Wire.java DEBUG [main] http.wire 73 -  << "X-Server-Time: 1669134248631[\r][\n]"
11-22-2022 21:54:08 Wire.java DEBUG [main] http.wire 73 -  << "Server: AtlassianEdge[\r][\n]"
11-22-2022 21:54:08 Wire.java DEBUG [main] http.wire 73 -  << "Expect-Ct: report-uri="https://web-security-reports.services.atlassian.com/expect-ct-report/trello-edge", max-age=86400[\r][\n]"
11-22-2022 21:54:08 Wire.java DEBUG [main] http.wire 73 -  << "Strict-Transport-Security: max-age=63072000; preload[\r][\n]"
11-22-2022 21:54:08 Wire.java DEBUG [main] http.wire 73 -  << "X-Content-Type-Options: nosniff[\r][\n]"
11-22-2022 21:54:08 Wire.java DEBUG [main] http.wire 73 -  << "X-Xss-Protection: 1; mode=block[\r][\n]"
11-22-2022 21:54:08 Wire.java DEBUG [main] http.wire 73 -  << "Atl-Traceid: bd7259463de5d4b4[\r][\n]"
11-22-2022 21:54:08 Wire.java DEBUG [main] http.wire 73 -  << "Report-To: {"endpoints": [{"url": "https://dz8aopenkvv6s.cloudfront.net"}], "group": "endpoint-1", "include_subdomains": true, "max_age": 600}[\r][\n]"
11-22-2022 21:54:08 Wire.java DEBUG [main] http.wire 73 -  << "Nel: {"failure_fraction": 0.001, "include_subdomains": true, "max_age": 600, "report_to": "endpoint-1"}[\r][\n]"
11-22-2022 21:54:08 Wire.java DEBUG [main] http.wire 73 -  << "[\r][\n]"
11-22-2022 21:54:08 DefaultClientConnection.java DEBUG [main] conn.DefaultClientConnection 259 - Receiving response: HTTP/1.1 200 OK
11-22-2022 21:54:08 DefaultClientConnection.java DEBUG [main] http.headers 262 - << HTTP/1.1 200 OK
11-22-2022 21:54:08 DefaultClientConnection.java DEBUG [main] http.headers 265 - << Date: Tue, 22 Nov 2022 16:24:08 GMT
11-22-2022 21:54:08 DefaultClientConnection.java DEBUG [main] http.headers 265 - << Content-Type: application/json; charset=utf-8
11-22-2022 21:54:08 DefaultClientConnection.java DEBUG [main] http.headers 265 - << Content-Length: 171
11-22-2022 21:54:08 DefaultClientConnection.java DEBUG [main] http.headers 265 - << X-Dns-Prefetch-Control: off
11-22-2022 21:54:08 DefaultClientConnection.java DEBUG [main] http.headers 265 - << X-Frame-Options: DENY
11-22-2022 21:54:08 DefaultClientConnection.java DEBUG [main] http.headers 265 - << X-Download-Options: noopen
11-22-2022 21:54:08 DefaultClientConnection.java DEBUG [main] http.headers 265 - << X-Permitted-Cross-Domain-Policies: none
11-22-2022 21:54:08 DefaultClientConnection.java DEBUG [main] http.headers 265 - << Referrer-Policy: strict-origin-when-cross-origin
11-22-2022 21:54:08 DefaultClientConnection.java DEBUG [main] http.headers 265 - << Surrogate-Control: no-store
11-22-2022 21:54:08 DefaultClientConnection.java DEBUG [main] http.headers 265 - << Cache-Control: max-age=0, must-revalidate, no-cache, no-store
11-22-2022 21:54:08 DefaultClientConnection.java DEBUG [main] http.headers 265 - << Pragma: no-cache
11-22-2022 21:54:08 DefaultClientConnection.java DEBUG [main] http.headers 265 - << Expires: Thu, 01 Jan 1970 00:00:00
11-22-2022 21:54:08 DefaultClientConnection.java DEBUG [main] http.headers 265 - << X-Trello-Version: 1.170568.0
11-22-2022 21:54:08 DefaultClientConnection.java DEBUG [main] http.headers 265 - << X-Trello-Environment: Production (Micros)
11-22-2022 21:54:08 DefaultClientConnection.java DEBUG [main] http.headers 265 - << Set-Cookie: dsc=f0ae0ce467eb6b50cf7b442f5d24687d0b5485e5fa4eea8caeadf6c62e9b6f80; Path=/; Expires=Fri, 25 Nov 2022 16:24:08 GMT; Secure
11-22-2022 21:54:08 DefaultClientConnection.java DEBUG [main] http.headers 265 - << Set-Cookie: preAuthProps=s%3A637b571e071bb7056eb94b61%3AisEnterpriseAdmin%3Dfalse.BsvCkeBZpDt2UycswUciukUDlffViKvce4GMwyTAYjA; Path=/; HttpOnly
11-22-2022 21:54:08 DefaultClientConnection.java DEBUG [main] http.headers 265 - << Access-Control-Allow-Origin: *
11-22-2022 21:54:08 DefaultClientConnection.java DEBUG [main] http.headers 265 - << Access-Control-Allow-Methods: GET, PUT, POST, DELETE
11-22-2022 21:54:08 DefaultClientConnection.java DEBUG [main] http.headers 265 - << Access-Control-Allow-Headers: Authorization, Accept, Content-Type
11-22-2022 21:54:08 DefaultClientConnection.java DEBUG [main] http.headers 265 - << Access-Control-Expose-Headers: x-rate-limit-api-key-interval-ms, x-rate-limit-api-key-max, x-rate-limit-api-key-remaining, x-rate-limit-api-token-interval-ms, x-rate-limit-api-token-max, x-rate-limit-api-token-remaining
11-22-2022 21:54:08 DefaultClientConnection.java DEBUG [main] http.headers 265 - << X-Rate-Limit-Api-Token-Interval-Ms: 10000
11-22-2022 21:54:08 DefaultClientConnection.java DEBUG [main] http.headers 265 - << X-Rate-Limit-Api-Token-Max: 100
11-22-2022 21:54:08 DefaultClientConnection.java DEBUG [main] http.headers 265 - << X-Rate-Limit-Api-Token-Remaining: 97
11-22-2022 21:54:08 DefaultClientConnection.java DEBUG [main] http.headers 265 - << X-Rate-Limit-Db-Query-Time-Interval-Ms: 600000
11-22-2022 21:54:08 DefaultClientConnection.java DEBUG [main] http.headers 265 - << X-Rate-Limit-Db-Query-Time-Max: 7200000
11-22-2022 21:54:08 DefaultClientConnection.java DEBUG [main] http.headers 265 - << X-Rate-Limit-Db-Query-Time-Remaining: 7199990
11-22-2022 21:54:08 DefaultClientConnection.java DEBUG [main] http.headers 265 - << X-Rate-Limit-Api-Key-Interval-Ms: 10000
11-22-2022 21:54:08 DefaultClientConnection.java DEBUG [main] http.headers 265 - << X-Rate-Limit-Api-Key-Max: 300
11-22-2022 21:54:08 DefaultClientConnection.java DEBUG [main] http.headers 265 - << X-Rate-Limit-Api-Key-Remaining: 297
11-22-2022 21:54:08 DefaultClientConnection.java DEBUG [main] http.headers 265 - << X-Rate-Limit-Member-Interval-Ms: 10000
11-22-2022 21:54:08 DefaultClientConnection.java DEBUG [main] http.headers 265 - << X-Rate-Limit-Member-Max: 375
11-22-2022 21:54:08 DefaultClientConnection.java DEBUG [main] http.headers 265 - << X-Rate-Limit-Member-Remaining: 371
11-22-2022 21:54:08 DefaultClientConnection.java DEBUG [main] http.headers 265 - << X-Server-Time: 1669134248631
11-22-2022 21:54:08 DefaultClientConnection.java DEBUG [main] http.headers 265 - << Server: AtlassianEdge
11-22-2022 21:54:08 DefaultClientConnection.java DEBUG [main] http.headers 265 - << Expect-Ct: report-uri="https://web-security-reports.services.atlassian.com/expect-ct-report/trello-edge", max-age=86400
11-22-2022 21:54:08 DefaultClientConnection.java DEBUG [main] http.headers 265 - << Strict-Transport-Security: max-age=63072000; preload
11-22-2022 21:54:08 DefaultClientConnection.java DEBUG [main] http.headers 265 - << X-Content-Type-Options: nosniff
11-22-2022 21:54:08 DefaultClientConnection.java DEBUG [main] http.headers 265 - << X-Xss-Protection: 1; mode=block
11-22-2022 21:54:08 DefaultClientConnection.java DEBUG [main] http.headers 265 - << Atl-Traceid: bd7259463de5d4b4
11-22-2022 21:54:08 DefaultClientConnection.java DEBUG [main] http.headers 265 - << Report-To: {"endpoints": [{"url": "https://dz8aopenkvv6s.cloudfront.net"}], "group": "endpoint-1", "include_subdomains": true, "max_age": 600}
11-22-2022 21:54:08 DefaultClientConnection.java DEBUG [main] http.headers 265 - << Nel: {"failure_fraction": 0.001, "include_subdomains": true, "max_age": 600, "report_to": "endpoint-1"}
11-22-2022 21:54:08 DefaultRequestDirector.java DEBUG [main] client.DefaultHttpClient 504 - Connection can be kept alive indefinitely
11-22-2022 21:54:08 HTTPBuilder.java DEBUG [main] internal.RequestSpecificationImpl$RestAssuredHttpBuilder 545 - Parsing response as: application/json; charset=utf-8
11-22-2022 21:54:08 HTTPBuilder.java DEBUG [main] internal.RequestSpecificationImpl$RestAssuredHttpBuilder 548 - Parsed data to instance of: class org.apache.http.conn.EofSensorInputStream
11-22-2022 21:54:08 Wire.java DEBUG [main] http.wire 87 -  << "{"id":"637cf7a6b0962e006722f51d","name":"This Is Upadeted Check List","idBoard":"637cd1bc1109d10023418c1f","idCard":"637cd1d77177bc01d84bc37d","pos":16384,"checkItems":[]}"
11-22-2022 21:54:08 BasicClientConnectionManager.java DEBUG [main] conn.BasicClientConnectionManager 200 - Releasing connection org.apache.http.impl.conn.ManagedClientConnectionImpl@19fec3d6
11-22-2022 21:54:08 BasicClientConnectionManager.java DEBUG [main] conn.BasicClientConnectionManager 225 - Connection can be kept alive indefinitely
HTTP/1.1 200 OK
Date: Tue, 22 Nov 2022 16:24:08 GMT
Content-Type: application/json; charset=utf-8
Content-Length: 171
X-Dns-Prefetch-Control: off
X-Frame-Options: DENY
X-Download-Options: noopen
X-Permitted-Cross-Domain-Policies: none
Referrer-Policy: strict-origin-when-cross-origin
Surrogate-Control: no-store
Cache-Control: max-age=0, must-revalidate, no-cache, no-store
Pragma: no-cache
Expires: Thu, 01 Jan 1970 00:00:00
X-Trello-Version: 1.170568.0
X-Trello-Environment: Production (Micros)
Set-Cookie: dsc=f0ae0ce467eb6b50cf7b442f5d24687d0b5485e5fa4eea8caeadf6c62e9b6f80; Path=/; Expires=Fri, 25 Nov 2022 16:24:08 GMT; Secure
Set-Cookie: preAuthProps=s%3A637b571e071bb7056eb94b61%3AisEnterpriseAdmin%3Dfalse.BsvCkeBZpDt2UycswUciukUDlffViKvce4GMwyTAYjA; Path=/; HttpOnly
Access-Control-Allow-Origin: *
Access-Control-Allow-Methods: GET, PUT, POST, DELETE
Access-Control-Allow-Headers: Authorization, Accept, Content-Type
Access-Control-Expose-Headers: x-rate-limit-api-key-interval-ms, x-rate-limit-api-key-max, x-rate-limit-api-key-remaining, x-rate-limit-api-token-interval-ms, x-rate-limit-api-token-max, x-rate-limit-api-token-remaining
X-Rate-Limit-Api-Token-Interval-Ms: 10000
X-Rate-Limit-Api-Token-Max: 100
X-Rate-Limit-Api-Token-Remaining: 97
X-Rate-Limit-Db-Query-Time-Interval-Ms: 600000
X-Rate-Limit-Db-Query-Time-Max: 7200000
X-Rate-Limit-Db-Query-Time-Remaining: 7199990
X-Rate-Limit-Api-Key-Interval-Ms: 10000
X-Rate-Limit-Api-Key-Max: 300
X-Rate-Limit-Api-Key-Remaining: 297
X-Rate-Limit-Member-Interval-Ms: 10000
X-Rate-Limit-Member-Max: 375
X-Rate-Limit-Member-Remaining: 371
X-Server-Time: 1669134248631
Server: AtlassianEdge
Expect-Ct: report-uri="https://web-security-reports.services.atlassian.com/expect-ct-report/trello-edge", max-age=86400
Strict-Transport-Security: max-age=63072000; preload
X-Content-Type-Options: nosniff
X-Xss-Protection: 1; mode=block
Atl-Traceid: bd7259463de5d4b4
Report-To: {"endpoints": [{"url": "https://dz8aopenkvv6s.cloudfront.net"}], "group": "endpoint-1", "include_subdomains": true, "max_age": 600}
Nel: {"failure_fraction": 0.001, "include_subdomains": true, "max_age": 600, "report_to": "endpoint-1"}

{
    "id": "637cf7a6b0962e006722f51d",
    "name": "This Is Upadeted Check List",
    "idBoard": "637cd1bc1109d10023418c1f",
    "idCard": "637cd1d77177bc01d84bc37d",
    "pos": 16384,
    "checkItems": [
        
    ]
}
ID -->637cf7a6b0962e006722f51d
]]></system-out>
  </testcase>
  <testcase name="delete_a_Checklist" classname="testData.Checklist" time="1.056">
    <system-out><![CDATA[Get_a_Checklist
11-22-2022 21:54:08 _Log4jLoggerFactory.java DEBUG [main] freemarker.cache 45 - Couldn't find template in cache for "Extent.ftl"("en_IN", UTF-8, parsed); will try to load it.
11-22-2022 21:54:08 _Log4jLoggerFactory.java DEBUG [main] freemarker.cache 45 - TemplateLoader.findTemplateSource("Extent_en_IN.ftl"): Not found
11-22-2022 21:54:08 _Log4jLoggerFactory.java DEBUG [main] freemarker.cache 45 - TemplateLoader.findTemplateSource("Extent_en.ftl"): Not found
11-22-2022 21:54:08 _Log4jLoggerFactory.java DEBUG [main] freemarker.cache 45 - TemplateLoader.findTemplateSource("Extent.ftl"): Found
11-22-2022 21:54:08 _Log4jLoggerFactory.java DEBUG [main] freemarker.cache 45 - Loading template for "Extent.ftl"("en_IN", UTF-8, parsed) from "jar:file:/C:/Users/mohdtoukeer/.m2/repository/com/relevantcodes/extentreports/2.41.2/extentreports-2.41.2.jar!/com/relevantcodes/extentreports/view/Extent.ftl"
11-22-2022 21:54:08 BasicClientConnectionManager.java DEBUG [main] conn.BasicClientConnectionManager 161 - Get connection for route {s}->https://trello.com:443
11-22-2022 21:54:08 DefaultClientConnectionOperator.java DEBUG [main] conn.DefaultClientConnectionOperator 177 - Connecting to trello.com:443
11-22-2022 21:54:09 RequestAddCookies.java DEBUG [main] protocol.RequestAddCookies 123 - CookieSpec selected: ignoreCookies
11-22-2022 21:54:09 RequestAuthCache.java DEBUG [main] protocol.RequestAuthCache 77 - Auth cache not set in the context
11-22-2022 21:54:09 RequestTargetAuthentication.java DEBUG [main] protocol.RequestTargetAuthentication 80 - Target auth state: UNCHALLENGED
11-22-2022 21:54:09 RequestProxyAuthentication.java DEBUG [main] protocol.RequestProxyAuthentication 89 - Proxy auth state: UNCHALLENGED
11-22-2022 21:54:09 DefaultRequestDirector.java DEBUG [main] client.DefaultHttpClient 677 - Attempt 1 to execute request
11-22-2022 21:54:09 DefaultClientConnection.java DEBUG [main] conn.DefaultClientConnection 274 - Sending request: DELETE /1/CheckLists/637cf7a6b0962e006722f51d?key=a277033a8a8b651020ff746999dd35ac&token=87a0cfec0eeabc87a28151de40d5e349235a77f1033345100796efc9a8f716f9 HTTP/1.1
11-22-2022 21:54:09 Wire.java DEBUG [main] http.wire 73 -  >> "DELETE /1/CheckLists/637cf7a6b0962e006722f51d?key=a277033a8a8b651020ff746999dd35ac&token=87a0cfec0eeabc87a28151de40d5e349235a77f1033345100796efc9a8f716f9 HTTP/1.1[\r][\n]"
11-22-2022 21:54:09 Wire.java DEBUG [main] http.wire 73 -  >> "Accept: */*[\r][\n]"
11-22-2022 21:54:09 Wire.java DEBUG [main] http.wire 73 -  >> "Host: trello.com[\r][\n]"
11-22-2022 21:54:09 Wire.java DEBUG [main] http.wire 73 -  >> "Connection: Keep-Alive[\r][\n]"
11-22-2022 21:54:09 Wire.java DEBUG [main] http.wire 73 -  >> "User-Agent: Apache-HttpClient/4.5.13 (Java/11.0.1)[\r][\n]"
11-22-2022 21:54:09 Wire.java DEBUG [main] http.wire 73 -  >> "Accept-Encoding: gzip,deflate[\r][\n]"
11-22-2022 21:54:09 Wire.java DEBUG [main] http.wire 73 -  >> "[\r][\n]"
11-22-2022 21:54:09 DefaultClientConnection.java DEBUG [main] http.headers 278 - >> DELETE /1/CheckLists/637cf7a6b0962e006722f51d?key=a277033a8a8b651020ff746999dd35ac&token=87a0cfec0eeabc87a28151de40d5e349235a77f1033345100796efc9a8f716f9 HTTP/1.1
11-22-2022 21:54:09 DefaultClientConnection.java DEBUG [main] http.headers 281 - >> Accept: */*
11-22-2022 21:54:09 DefaultClientConnection.java DEBUG [main] http.headers 281 - >> Host: trello.com
11-22-2022 21:54:09 DefaultClientConnection.java DEBUG [main] http.headers 281 - >> Connection: Keep-Alive
11-22-2022 21:54:09 DefaultClientConnection.java DEBUG [main] http.headers 281 - >> User-Agent: Apache-HttpClient/4.5.13 (Java/11.0.1)
11-22-2022 21:54:09 DefaultClientConnection.java DEBUG [main] http.headers 281 - >> Accept-Encoding: gzip,deflate
11-22-2022 21:54:09 Wire.java DEBUG [main] http.wire 73 -  << "HTTP/1.1 200 OK[\r][\n]"
11-22-2022 21:54:09 Wire.java DEBUG [main] http.wire 73 -  << "Date: Tue, 22 Nov 2022 16:24:09 GMT[\r][\n]"
11-22-2022 21:54:09 Wire.java DEBUG [main] http.wire 73 -  << "Content-Type: application/json; charset=utf-8[\r][\n]"
11-22-2022 21:54:09 Wire.java DEBUG [main] http.wire 73 -  << "Content-Length: 13[\r][\n]"
11-22-2022 21:54:09 Wire.java DEBUG [main] http.wire 73 -  << "X-Dns-Prefetch-Control: off[\r][\n]"
11-22-2022 21:54:09 Wire.java DEBUG [main] http.wire 73 -  << "X-Frame-Options: DENY[\r][\n]"
11-22-2022 21:54:09 Wire.java DEBUG [main] http.wire 73 -  << "X-Download-Options: noopen[\r][\n]"
11-22-2022 21:54:09 Wire.java DEBUG [main] http.wire 73 -  << "X-Permitted-Cross-Domain-Policies: none[\r][\n]"
11-22-2022 21:54:09 Wire.java DEBUG [main] http.wire 73 -  << "Referrer-Policy: strict-origin-when-cross-origin[\r][\n]"
11-22-2022 21:54:09 Wire.java DEBUG [main] http.wire 73 -  << "Surrogate-Control: no-store[\r][\n]"
11-22-2022 21:54:09 Wire.java DEBUG [main] http.wire 73 -  << "Cache-Control: max-age=0, must-revalidate, no-cache, no-store[\r][\n]"
11-22-2022 21:54:09 Wire.java DEBUG [main] http.wire 73 -  << "Pragma: no-cache[\r][\n]"
11-22-2022 21:54:09 Wire.java DEBUG [main] http.wire 73 -  << "Expires: Thu, 01 Jan 1970 00:00:00[\r][\n]"
11-22-2022 21:54:09 Wire.java DEBUG [main] http.wire 73 -  << "X-Trello-Version: 1.170568.0[\r][\n]"
11-22-2022 21:54:09 Wire.java DEBUG [main] http.wire 73 -  << "X-Trello-Environment: Production (Micros)[\r][\n]"
11-22-2022 21:54:09 Wire.java DEBUG [main] http.wire 73 -  << "Access-Control-Allow-Origin: *[\r][\n]"
11-22-2022 21:54:09 Wire.java DEBUG [main] http.wire 73 -  << "Access-Control-Allow-Methods: GET, PUT, POST, DELETE[\r][\n]"
11-22-2022 21:54:09 Wire.java DEBUG [main] http.wire 73 -  << "Access-Control-Allow-Headers: Authorization, Accept, Content-Type[\r][\n]"
11-22-2022 21:54:09 Wire.java DEBUG [main] http.wire 73 -  << "Access-Control-Expose-Headers: x-rate-limit-api-key-interval-ms, x-rate-limit-api-key-max, x-rate-limit-api-key-remaining, x-rate-limit-api-token-interval-ms, x-rate-limit-api-token-max, x-rate-limit-api-token-remaining[\r][\n]"
11-22-2022 21:54:09 Wire.java DEBUG [main] http.wire 73 -  << "X-Rate-Limit-Api-Token-Interval-Ms: 10000[\r][\n]"
11-22-2022 21:54:09 Wire.java DEBUG [main] http.wire 73 -  << "X-Rate-Limit-Api-Token-Max: 100[\r][\n]"
11-22-2022 21:54:09 Wire.java DEBUG [main] http.wire 73 -  << "X-Rate-Limit-Api-Token-Remaining: 96[\r][\n]"
11-22-2022 21:54:09 Wire.java DEBUG [main] http.wire 73 -  << "X-Rate-Limit-Db-Query-Time-Interval-Ms: 600000[\r][\n]"
11-22-2022 21:54:09 Wire.java DEBUG [main] http.wire 73 -  << "X-Rate-Limit-Db-Query-Time-Max: 7200000[\r][\n]"
11-22-2022 21:54:09 Wire.java DEBUG [main] http.wire 73 -  << "X-Rate-Limit-Db-Query-Time-Remaining: 7199990[\r][\n]"
11-22-2022 21:54:09 Wire.java DEBUG [main] http.wire 73 -  << "X-Rate-Limit-Action-Interval-Ms: 3600000[\r][\n]"
11-22-2022 21:54:09 Wire.java DEBUG [main] http.wire 73 -  << "X-Rate-Limit-Action-Max: 15000[\r][\n]"
11-22-2022 21:54:09 Wire.java DEBUG [main] http.wire 73 -  << "X-Rate-Limit-Action-Remaining: 14999[\r][\n]"
11-22-2022 21:54:09 Wire.java DEBUG [main] http.wire 73 -  << "X-Rate-Limit-Api-Key-Interval-Ms: 10000[\r][\n]"
11-22-2022 21:54:09 Wire.java DEBUG [main] http.wire 73 -  << "X-Rate-Limit-Api-Key-Max: 300[\r][\n]"
11-22-2022 21:54:09 Wire.java DEBUG [main] http.wire 73 -  << "X-Rate-Limit-Api-Key-Remaining: 296[\r][\n]"
11-22-2022 21:54:09 Wire.java DEBUG [main] http.wire 73 -  << "X-Rate-Limit-Member-Interval-Ms: 10000[\r][\n]"
11-22-2022 21:54:09 Wire.java DEBUG [main] http.wire 73 -  << "X-Rate-Limit-Member-Max: 375[\r][\n]"
11-22-2022 21:54:09 Wire.java DEBUG [main] http.wire 73 -  << "X-Rate-Limit-Member-Remaining: 370[\r][\n]"
11-22-2022 21:54:09 Wire.java DEBUG [main] http.wire 73 -  << "Set-Cookie: preAuthProps=s%3A637b571e071bb7056eb94b61%3AisEnterpriseAdmin%3Dfalse.BsvCkeBZpDt2UycswUciukUDlffViKvce4GMwyTAYjA; Path=/; HttpOnly[\r][\n]"
11-22-2022 21:54:09 Wire.java DEBUG [main] http.wire 73 -  << "X-Server-Time: 1669134249715[\r][\n]"
11-22-2022 21:54:09 Wire.java DEBUG [main] http.wire 73 -  << "Server: AtlassianEdge[\r][\n]"
11-22-2022 21:54:09 Wire.java DEBUG [main] http.wire 73 -  << "Expect-Ct: report-uri="https://web-security-reports.services.atlassian.com/expect-ct-report/trello-edge", max-age=86400[\r][\n]"
11-22-2022 21:54:09 Wire.java DEBUG [main] http.wire 73 -  << "Strict-Transport-Security: max-age=63072000; preload[\r][\n]"
11-22-2022 21:54:09 Wire.java DEBUG [main] http.wire 73 -  << "X-Content-Type-Options: nosniff[\r][\n]"
11-22-2022 21:54:09 Wire.java DEBUG [main] http.wire 73 -  << "X-Xss-Protection: 1; mode=block[\r][\n]"
11-22-2022 21:54:09 Wire.java DEBUG [main] http.wire 73 -  << "Atl-Traceid: a8796fb64474c25f[\r][\n]"
11-22-2022 21:54:09 Wire.java DEBUG [main] http.wire 73 -  << "Report-To: {"endpoints": [{"url": "https://dz8aopenkvv6s.cloudfront.net"}], "group": "endpoint-1", "include_subdomains": true, "max_age": 600}[\r][\n]"
11-22-2022 21:54:09 Wire.java DEBUG [main] http.wire 73 -  << "Nel: {"failure_fraction": 0.001, "include_subdomains": true, "max_age": 600, "report_to": "endpoint-1"}[\r][\n]"
11-22-2022 21:54:09 Wire.java DEBUG [main] http.wire 73 -  << "[\r][\n]"
11-22-2022 21:54:09 DefaultClientConnection.java DEBUG [main] conn.DefaultClientConnection 259 - Receiving response: HTTP/1.1 200 OK
11-22-2022 21:54:09 DefaultClientConnection.java DEBUG [main] http.headers 262 - << HTTP/1.1 200 OK
11-22-2022 21:54:09 DefaultClientConnection.java DEBUG [main] http.headers 265 - << Date: Tue, 22 Nov 2022 16:24:09 GMT
11-22-2022 21:54:09 DefaultClientConnection.java DEBUG [main] http.headers 265 - << Content-Type: application/json; charset=utf-8
11-22-2022 21:54:09 DefaultClientConnection.java DEBUG [main] http.headers 265 - << Content-Length: 13
11-22-2022 21:54:09 DefaultClientConnection.java DEBUG [main] http.headers 265 - << X-Dns-Prefetch-Control: off
11-22-2022 21:54:09 DefaultClientConnection.java DEBUG [main] http.headers 265 - << X-Frame-Options: DENY
11-22-2022 21:54:09 DefaultClientConnection.java DEBUG [main] http.headers 265 - << X-Download-Options: noopen
11-22-2022 21:54:09 DefaultClientConnection.java DEBUG [main] http.headers 265 - << X-Permitted-Cross-Domain-Policies: none
11-22-2022 21:54:09 DefaultClientConnection.java DEBUG [main] http.headers 265 - << Referrer-Policy: strict-origin-when-cross-origin
11-22-2022 21:54:09 DefaultClientConnection.java DEBUG [main] http.headers 265 - << Surrogate-Control: no-store
11-22-2022 21:54:09 DefaultClientConnection.java DEBUG [main] http.headers 265 - << Cache-Control: max-age=0, must-revalidate, no-cache, no-store
11-22-2022 21:54:09 DefaultClientConnection.java DEBUG [main] http.headers 265 - << Pragma: no-cache
11-22-2022 21:54:09 DefaultClientConnection.java DEBUG [main] http.headers 265 - << Expires: Thu, 01 Jan 1970 00:00:00
11-22-2022 21:54:09 DefaultClientConnection.java DEBUG [main] http.headers 265 - << X-Trello-Version: 1.170568.0
11-22-2022 21:54:09 DefaultClientConnection.java DEBUG [main] http.headers 265 - << X-Trello-Environment: Production (Micros)
11-22-2022 21:54:09 DefaultClientConnection.java DEBUG [main] http.headers 265 - << Access-Control-Allow-Origin: *
11-22-2022 21:54:09 DefaultClientConnection.java DEBUG [main] http.headers 265 - << Access-Control-Allow-Methods: GET, PUT, POST, DELETE
11-22-2022 21:54:09 DefaultClientConnection.java DEBUG [main] http.headers 265 - << Access-Control-Allow-Headers: Authorization, Accept, Content-Type
11-22-2022 21:54:09 DefaultClientConnection.java DEBUG [main] http.headers 265 - << Access-Control-Expose-Headers: x-rate-limit-api-key-interval-ms, x-rate-limit-api-key-max, x-rate-limit-api-key-remaining, x-rate-limit-api-token-interval-ms, x-rate-limit-api-token-max, x-rate-limit-api-token-remaining
11-22-2022 21:54:09 DefaultClientConnection.java DEBUG [main] http.headers 265 - << X-Rate-Limit-Api-Token-Interval-Ms: 10000
11-22-2022 21:54:09 DefaultClientConnection.java DEBUG [main] http.headers 265 - << X-Rate-Limit-Api-Token-Max: 100
11-22-2022 21:54:09 DefaultClientConnection.java DEBUG [main] http.headers 265 - << X-Rate-Limit-Api-Token-Remaining: 96
11-22-2022 21:54:09 DefaultClientConnection.java DEBUG [main] http.headers 265 - << X-Rate-Limit-Db-Query-Time-Interval-Ms: 600000
11-22-2022 21:54:09 DefaultClientConnection.java DEBUG [main] http.headers 265 - << X-Rate-Limit-Db-Query-Time-Max: 7200000
11-22-2022 21:54:09 DefaultClientConnection.java DEBUG [main] http.headers 265 - << X-Rate-Limit-Db-Query-Time-Remaining: 7199990
11-22-2022 21:54:09 DefaultClientConnection.java DEBUG [main] http.headers 265 - << X-Rate-Limit-Action-Interval-Ms: 3600000
11-22-2022 21:54:09 DefaultClientConnection.java DEBUG [main] http.headers 265 - << X-Rate-Limit-Action-Max: 15000
11-22-2022 21:54:09 DefaultClientConnection.java DEBUG [main] http.headers 265 - << X-Rate-Limit-Action-Remaining: 14999
11-22-2022 21:54:09 DefaultClientConnection.java DEBUG [main] http.headers 265 - << X-Rate-Limit-Api-Key-Interval-Ms: 10000
11-22-2022 21:54:09 DefaultClientConnection.java DEBUG [main] http.headers 265 - << X-Rate-Limit-Api-Key-Max: 300
11-22-2022 21:54:09 DefaultClientConnection.java DEBUG [main] http.headers 265 - << X-Rate-Limit-Api-Key-Remaining: 296
11-22-2022 21:54:09 DefaultClientConnection.java DEBUG [main] http.headers 265 - << X-Rate-Limit-Member-Interval-Ms: 10000
11-22-2022 21:54:09 DefaultClientConnection.java DEBUG [main] http.headers 265 - << X-Rate-Limit-Member-Max: 375
11-22-2022 21:54:09 DefaultClientConnection.java DEBUG [main] http.headers 265 - << X-Rate-Limit-Member-Remaining: 370
11-22-2022 21:54:09 DefaultClientConnection.java DEBUG [main] http.headers 265 - << Set-Cookie: preAuthProps=s%3A637b571e071bb7056eb94b61%3AisEnterpriseAdmin%3Dfalse.BsvCkeBZpDt2UycswUciukUDlffViKvce4GMwyTAYjA; Path=/; HttpOnly
11-22-2022 21:54:09 DefaultClientConnection.java DEBUG [main] http.headers 265 - << X-Server-Time: 1669134249715
11-22-2022 21:54:09 DefaultClientConnection.java DEBUG [main] http.headers 265 - << Server: AtlassianEdge
11-22-2022 21:54:09 DefaultClientConnection.java DEBUG [main] http.headers 265 - << Expect-Ct: report-uri="https://web-security-reports.services.atlassian.com/expect-ct-report/trello-edge", max-age=86400
11-22-2022 21:54:09 DefaultClientConnection.java DEBUG [main] http.headers 265 - << Strict-Transport-Security: max-age=63072000; preload
11-22-2022 21:54:09 DefaultClientConnection.java DEBUG [main] http.headers 265 - << X-Content-Type-Options: nosniff
11-22-2022 21:54:09 DefaultClientConnection.java DEBUG [main] http.headers 265 - << X-Xss-Protection: 1; mode=block
11-22-2022 21:54:09 DefaultClientConnection.java DEBUG [main] http.headers 265 - << Atl-Traceid: a8796fb64474c25f
11-22-2022 21:54:09 DefaultClientConnection.java DEBUG [main] http.headers 265 - << Report-To: {"endpoints": [{"url": "https://dz8aopenkvv6s.cloudfront.net"}], "group": "endpoint-1", "include_subdomains": true, "max_age": 600}
11-22-2022 21:54:09 DefaultClientConnection.java DEBUG [main] http.headers 265 - << Nel: {"failure_fraction": 0.001, "include_subdomains": true, "max_age": 600, "report_to": "endpoint-1"}
11-22-2022 21:54:09 DefaultRequestDirector.java DEBUG [main] client.DefaultHttpClient 504 - Connection can be kept alive indefinitely
11-22-2022 21:54:09 HTTPBuilder.java DEBUG [main] internal.RequestSpecificationImpl$RestAssuredHttpBuilder 545 - Parsing response as: application/json; charset=utf-8
11-22-2022 21:54:09 HTTPBuilder.java DEBUG [main] internal.RequestSpecificationImpl$RestAssuredHttpBuilder 548 - Parsed data to instance of: class org.apache.http.conn.EofSensorInputStream
11-22-2022 21:54:09 Wire.java DEBUG [main] http.wire 87 -  << "{"limits":{}}"
11-22-2022 21:54:09 BasicClientConnectionManager.java DEBUG [main] conn.BasicClientConnectionManager 200 - Releasing connection org.apache.http.impl.conn.ManagedClientConnectionImpl@256bb5be
11-22-2022 21:54:09 BasicClientConnectionManager.java DEBUG [main] conn.BasicClientConnectionManager 225 - Connection can be kept alive indefinitely
HTTP/1.1 200 OK
Date: Tue, 22 Nov 2022 16:24:09 GMT
Content-Type: application/json; charset=utf-8
Content-Length: 13
X-Dns-Prefetch-Control: off
X-Frame-Options: DENY
X-Download-Options: noopen
X-Permitted-Cross-Domain-Policies: none
Referrer-Policy: strict-origin-when-cross-origin
Surrogate-Control: no-store
Cache-Control: max-age=0, must-revalidate, no-cache, no-store
Pragma: no-cache
Expires: Thu, 01 Jan 1970 00:00:00
X-Trello-Version: 1.170568.0
X-Trello-Environment: Production (Micros)
Access-Control-Allow-Origin: *
Access-Control-Allow-Methods: GET, PUT, POST, DELETE
Access-Control-Allow-Headers: Authorization, Accept, Content-Type
Access-Control-Expose-Headers: x-rate-limit-api-key-interval-ms, x-rate-limit-api-key-max, x-rate-limit-api-key-remaining, x-rate-limit-api-token-interval-ms, x-rate-limit-api-token-max, x-rate-limit-api-token-remaining
X-Rate-Limit-Api-Token-Interval-Ms: 10000
X-Rate-Limit-Api-Token-Max: 100
X-Rate-Limit-Api-Token-Remaining: 96
X-Rate-Limit-Db-Query-Time-Interval-Ms: 600000
X-Rate-Limit-Db-Query-Time-Max: 7200000
X-Rate-Limit-Db-Query-Time-Remaining: 7199990
X-Rate-Limit-Action-Interval-Ms: 3600000
X-Rate-Limit-Action-Max: 15000
X-Rate-Limit-Action-Remaining: 14999
X-Rate-Limit-Api-Key-Interval-Ms: 10000
X-Rate-Limit-Api-Key-Max: 300
X-Rate-Limit-Api-Key-Remaining: 296
X-Rate-Limit-Member-Interval-Ms: 10000
X-Rate-Limit-Member-Max: 375
X-Rate-Limit-Member-Remaining: 370
Set-Cookie: preAuthProps=s%3A637b571e071bb7056eb94b61%3AisEnterpriseAdmin%3Dfalse.BsvCkeBZpDt2UycswUciukUDlffViKvce4GMwyTAYjA; Path=/; HttpOnly
X-Server-Time: 1669134249715
Server: AtlassianEdge
Expect-Ct: report-uri="https://web-security-reports.services.atlassian.com/expect-ct-report/trello-edge", max-age=86400
Strict-Transport-Security: max-age=63072000; preload
X-Content-Type-Options: nosniff
X-Xss-Protection: 1; mode=block
Atl-Traceid: a8796fb64474c25f
Report-To: {"endpoints": [{"url": "https://dz8aopenkvv6s.cloudfront.net"}], "group": "endpoint-1", "include_subdomains": true, "max_age": 600}
Nel: {"failure_fraction": 0.001, "include_subdomains": true, "max_age": 600, "report_to": "endpoint-1"}

{
    "limits": {
        
    }
}
]]></system-out>
  </testcase>
  <testcase name="Create_a_board" classname="testData.Boards" time="0.866">
    <system-out><![CDATA[delete_a_Checklist
11-22-2022 21:54:09 _Log4jLoggerFactory.java DEBUG [main] freemarker.cache 45 - Couldn't find template in cache for "Extent.ftl"("en_IN", UTF-8, parsed); will try to load it.
11-22-2022 21:54:09 _Log4jLoggerFactory.java DEBUG [main] freemarker.cache 45 - TemplateLoader.findTemplateSource("Extent_en_IN.ftl"): Not found
11-22-2022 21:54:09 _Log4jLoggerFactory.java DEBUG [main] freemarker.cache 45 - TemplateLoader.findTemplateSource("Extent_en.ftl"): Not found
11-22-2022 21:54:09 _Log4jLoggerFactory.java DEBUG [main] freemarker.cache 45 - TemplateLoader.findTemplateSource("Extent.ftl"): Found
11-22-2022 21:54:09 _Log4jLoggerFactory.java DEBUG [main] freemarker.cache 45 - Loading template for "Extent.ftl"("en_IN", UTF-8, parsed) from "jar:file:/C:/Users/mohdtoukeer/.m2/repository/com/relevantcodes/extentreports/2.41.2/extentreports-2.41.2.jar!/com/relevantcodes/extentreports/view/Extent.ftl"
{
  "name": "mohd toukeer",
  "desc": "Every day new day"
}
11-22-2022 21:54:09 BasicClientConnectionManager.java DEBUG [main] conn.BasicClientConnectionManager 161 - Get connection for route {s}->https://trello.com:443
11-22-2022 21:54:09 DefaultClientConnectionOperator.java DEBUG [main] conn.DefaultClientConnectionOperator 177 - Connecting to trello.com:443
11-22-2022 21:54:10 RequestAddCookies.java DEBUG [main] protocol.RequestAddCookies 123 - CookieSpec selected: ignoreCookies
11-22-2022 21:54:10 RequestAuthCache.java DEBUG [main] protocol.RequestAuthCache 77 - Auth cache not set in the context
11-22-2022 21:54:10 RequestTargetAuthentication.java DEBUG [main] protocol.RequestTargetAuthentication 80 - Target auth state: UNCHALLENGED
11-22-2022 21:54:10 RequestProxyAuthentication.java DEBUG [main] protocol.RequestProxyAuthentication 89 - Proxy auth state: UNCHALLENGED
11-22-2022 21:54:10 DefaultRequestDirector.java DEBUG [main] client.DefaultHttpClient 677 - Attempt 1 to execute request
11-22-2022 21:54:10 DefaultClientConnection.java DEBUG [main] conn.DefaultClientConnection 274 - Sending request: POST /1/boards/?key=a277033a8a8b651020ff746999dd35ac&token=87a0cfec0eeabc87a28151de40d5e349235a77f1033345100796efc9a8f716f9 HTTP/1.1
11-22-2022 21:54:10 Wire.java DEBUG [main] http.wire 73 -  >> "POST /1/boards/?key=a277033a8a8b651020ff746999dd35ac&token=87a0cfec0eeabc87a28151de40d5e349235a77f1033345100796efc9a8f716f9 HTTP/1.1[\r][\n]"
11-22-2022 21:54:10 Wire.java DEBUG [main] http.wire 73 -  >> "Accept: application/json[\r][\n]"
11-22-2022 21:54:10 Wire.java DEBUG [main] http.wire 73 -  >> "Content-Type: application/json[\r][\n]"
11-22-2022 21:54:10 Wire.java DEBUG [main] http.wire 73 -  >> "Content-Length: 62[\r][\n]"
11-22-2022 21:54:10 Wire.java DEBUG [main] http.wire 73 -  >> "Host: trello.com[\r][\n]"
11-22-2022 21:54:10 Wire.java DEBUG [main] http.wire 73 -  >> "Connection: Keep-Alive[\r][\n]"
11-22-2022 21:54:10 Wire.java DEBUG [main] http.wire 73 -  >> "User-Agent: Apache-HttpClient/4.5.13 (Java/11.0.1)[\r][\n]"
11-22-2022 21:54:10 Wire.java DEBUG [main] http.wire 73 -  >> "Accept-Encoding: gzip,deflate[\r][\n]"
11-22-2022 21:54:10 Wire.java DEBUG [main] http.wire 73 -  >> "[\r][\n]"
11-22-2022 21:54:10 DefaultClientConnection.java DEBUG [main] http.headers 278 - >> POST /1/boards/?key=a277033a8a8b651020ff746999dd35ac&token=87a0cfec0eeabc87a28151de40d5e349235a77f1033345100796efc9a8f716f9 HTTP/1.1
11-22-2022 21:54:10 DefaultClientConnection.java DEBUG [main] http.headers 281 - >> Accept: application/json
11-22-2022 21:54:10 DefaultClientConnection.java DEBUG [main] http.headers 281 - >> Content-Type: application/json
11-22-2022 21:54:10 DefaultClientConnection.java DEBUG [main] http.headers 281 - >> Content-Length: 62
11-22-2022 21:54:10 DefaultClientConnection.java DEBUG [main] http.headers 281 - >> Host: trello.com
11-22-2022 21:54:10 DefaultClientConnection.java DEBUG [main] http.headers 281 - >> Connection: Keep-Alive
11-22-2022 21:54:10 DefaultClientConnection.java DEBUG [main] http.headers 281 - >> User-Agent: Apache-HttpClient/4.5.13 (Java/11.0.1)
[...]
        "attachmentsByType": {
            "trello": {
                "board": 0,
                "card": 0
            }
        },
        "location": false,
        "votes": 0,
        "viewingMemberVoted": false,
        "subscribed": false,
        "fogbugz": "",
        "checkItems": 0,
        "checkItemsChecked": 0,
        "checkItemsEarliestDue": null,
        "comments": 0,
        "attachments": 0,
        "description": false,
        "due": null,
        "dueComplete": false,
        "start": null
    },
    "checkItemStates": [
        
    ],
    "closed": false,
    "dueComplete": false,
    "dateLastActivity": "2022-11-22T16:24:17.071Z",
    "desc": "",
    "descData": {
        "emoji": {
            
        }
    },
    "due": null,
    "dueReminder": null,
    "email": null,
    "idBoard": "637cd1bc1109d10023418c1f",
    "idChecklists": [
        
    ],
    "idList": "637cd1bc1109d10023418c26",
    "idMembers": [
        
    ],
    "idMembersVoted": [
        
    ],
    "idShort": 10,
    "idAttachmentCover": null,
    "labels": [
        
    ],
    "idLabels": [
        
    ],
    "manualCoverAttachment": false,
    "name": "This Is Updated Card",
    "pos": 114687,
    "shortLink": "48GG0oGE",
    "shortUrl": "https://trello.com/c/48GG0oGE",
    "start": null,
    "subscribed": false,
    "url": "https://trello.com/c/48GG0oGE/10-this-is-updated-card",
    "cover": {
        "idAttachment": null,
        "color": null,
        "idUploadedBackground": null,
        "size": "normal",
        "brightness": "dark",
        "idPlugin": null
    },
    "isTemplate": false,
    "cardRole": null
}
ID -->637cf7b0cfbd5d051f2db340
]]></system-out>
  </testcase>
  <testcase name="Delete_board" classname="testData.Cards" time="0.712">
    <system-out><![CDATA[get_a_card
11-22-2022 21:54:17 _Log4jLoggerFactory.java DEBUG [main] freemarker.cache 45 - Couldn't find template in cache for "Extent.ftl"("en_IN", UTF-8, parsed); will try to load it.
11-22-2022 21:54:17 _Log4jLoggerFactory.java DEBUG [main] freemarker.cache 45 - TemplateLoader.findTemplateSource("Extent_en_IN.ftl"): Not found
11-22-2022 21:54:17 _Log4jLoggerFactory.java DEBUG [main] freemarker.cache 45 - TemplateLoader.findTemplateSource("Extent_en.ftl"): Not found
11-22-2022 21:54:17 _Log4jLoggerFactory.java DEBUG [main] freemarker.cache 45 - TemplateLoader.findTemplateSource("Extent.ftl"): Found
11-22-2022 21:54:17 _Log4jLoggerFactory.java DEBUG [main] freemarker.cache 45 - Loading template for "Extent.ftl"("en_IN", UTF-8, parsed) from "jar:file:/C:/Users/mohdtoukeer/.m2/repository/com/relevantcodes/extentreports/2.41.2/extentreports-2.41.2.jar!/com/relevantcodes/extentreports/view/Extent.ftl"
11-22-2022 21:54:17 BasicClientConnectionManager.java DEBUG [main] conn.BasicClientConnectionManager 161 - Get connection for route {s}->https://trello.com:443
11-22-2022 21:54:17 DefaultClientConnectionOperator.java DEBUG [main] conn.DefaultClientConnectionOperator 177 - Connecting to trello.com:443
11-22-2022 21:54:18 RequestAddCookies.java DEBUG [main] protocol.RequestAddCookies 123 - CookieSpec selected: ignoreCookies
11-22-2022 21:54:18 RequestAuthCache.java DEBUG [main] protocol.RequestAuthCache 77 - Auth cache not set in the context
11-22-2022 21:54:18 RequestTargetAuthentication.java DEBUG [main] protocol.RequestTargetAuthentication 80 - Target auth state: UNCHALLENGED
11-22-2022 21:54:18 RequestProxyAuthentication.java DEBUG [main] protocol.RequestProxyAuthentication 89 - Proxy auth state: UNCHALLENGED
11-22-2022 21:54:18 DefaultRequestDirector.java DEBUG [main] client.DefaultHttpClient 677 - Attempt 1 to execute request
11-22-2022 21:54:18 DefaultClientConnection.java DEBUG [main] conn.DefaultClientConnection 274 - Sending request: DELETE /1/cards/637cf7b0cfbd5d051f2db340?key=a277033a8a8b651020ff746999dd35ac&token=87a0cfec0eeabc87a28151de40d5e349235a77f1033345100796efc9a8f716f9 HTTP/1.1
11-22-2022 21:54:18 Wire.java DEBUG [main] http.wire 73 -  >> "DELETE /1/cards/637cf7b0cfbd5d051f2db340?key=a277033a8a8b651020ff746999dd35ac&token=87a0cfec0eeabc87a28151de40d5e349235a77f1033345100796efc9a8f716f9 HTTP/1.1[\r][\n]"
11-22-2022 21:54:18 Wire.java DEBUG [main] http.wire 73 -  >> "Accept: */*[\r][\n]"
11-22-2022 21:54:18 Wire.java DEBUG [main] http.wire 73 -  >> "Host: trello.com[\r][\n]"
11-22-2022 21:54:18 Wire.java DEBUG [main] http.wire 73 -  >> "Connection: Keep-Alive[\r][\n]"
11-22-2022 21:54:18 Wire.java DEBUG [main] http.wire 73 -  >> "User-Agent: Apache-HttpClient/4.5.13 (Java/11.0.1)[\r][\n]"
11-22-2022 21:54:18 Wire.java DEBUG [main] http.wire 73 -  >> "Accept-Encoding: gzip,deflate[\r][\n]"
11-22-2022 21:54:18 Wire.java DEBUG [main] http.wire 73 -  >> "[\r][\n]"
11-22-2022 21:54:18 DefaultClientConnection.java DEBUG [main] http.headers 278 - >> DELETE /1/cards/637cf7b0cfbd5d051f2db340?key=a277033a8a8b651020ff746999dd35ac&token=87a0cfec0eeabc87a28151de40d5e349235a77f1033345100796efc9a8f716f9 HTTP/1.1
11-22-2022 21:54:18 DefaultClientConnection.java DEBUG [main] http.headers 281 - >> Accept: */*
11-22-2022 21:54:18 DefaultClientConnection.java DEBUG [main] http.headers 281 - >> Host: trello.com
11-22-2022 21:54:18 DefaultClientConnection.java DEBUG [main] http.headers 281 - >> Connection: Keep-Alive
11-22-2022 21:54:18 DefaultClientConnection.java DEBUG [main] http.headers 281 - >> User-Agent: Apache-HttpClient/4.5.13 (Java/11.0.1)
11-22-2022 21:54:18 DefaultClientConnection.java DEBUG [main] http.headers 281 - >> Accept-Encoding: gzip,deflate
11-22-2022 21:54:18 Wire.java DEBUG [main] http.wire 73 -  << "HTTP/1.1 200 OK[\r][\n]"
11-22-2022 21:54:18 Wire.java DEBUG [main] http.wire 73 -  << "Date: Tue, 22 Nov 2022 16:24:18 GMT[\r][\n]"
11-22-2022 21:54:18 Wire.java DEBUG [main] http.wire 73 -  << "Content-Type: application/json; charset=utf-8[\r][\n]"
11-22-2022 21:54:18 Wire.java DEBUG [main] http.wire 73 -  << "Content-Length: 13[\r][\n]"
11-22-2022 21:54:18 Wire.java DEBUG [main] http.wire 73 -  << "X-Dns-Prefetch-Control: off[\r][\n]"
11-22-2022 21:54:18 Wire.java DEBUG [main] http.wire 73 -  << "X-Frame-Options: DENY[\r][\n]"
11-22-2022 21:54:18 Wire.java DEBUG [main] http.wire 73 -  << "X-Download-Options: noopen[\r][\n]"
11-22-2022 21:54:18 Wire.java DEBUG [main] http.wire 73 -  << "X-Permitted-Cross-Domain-Policies: none[\r][\n]"
11-22-2022 21:54:18 Wire.java DEBUG [main] http.wire 73 -  << "Referrer-Policy: strict-origin-when-cross-origin[\r][\n]"
11-22-2022 21:54:18 Wire.java DEBUG [main] http.wire 73 -  << "Surrogate-Control: no-store[\r][\n]"
11-22-2022 21:54:18 Wire.java DEBUG [main] http.wire 73 -  << "Cache-Control: max-age=0, must-revalidate, no-cache, no-store[\r][\n]"
11-22-2022 21:54:18 Wire.java DEBUG [main] http.wire 73 -  << "Pragma: no-cache[\r][\n]"
11-22-2022 21:54:18 Wire.java DEBUG [main] http.wire 73 -  << "Expires: Thu, 01 Jan 1970 00:00:00[\r][\n]"
11-22-2022 21:54:18 Wire.java DEBUG [main] http.wire 73 -  << "X-Trello-Version: 1.170568.0[\r][\n]"
11-22-2022 21:54:18 Wire.java DEBUG [main] http.wire 73 -  << "X-Trello-Environment: Production (Micros)[\r][\n]"
11-22-2022 21:54:18 Wire.java DEBUG [main] http.wire 73 -  << "Access-Control-Allow-Origin: *[\r][\n]"
11-22-2022 21:54:18 Wire.java DEBUG [main] http.wire 73 -  << "Access-Control-Allow-Methods: GET, PUT, POST, DELETE[\r][\n]"
11-22-2022 21:54:18 Wire.java DEBUG [main] http.wire 73 -  << "Access-Control-Allow-Headers: Authorization, Accept, Content-Type[\r][\n]"
11-22-2022 21:54:18 Wire.java DEBUG [main] http.wire 73 -  << "Access-Control-Expose-Headers: x-rate-limit-api-key-interval-ms, x-rate-limit-api-key-max, x-rate-limit-api-key-remaining, x-rate-limit-api-token-interval-ms, x-rate-limit-api-token-max, x-rate-limit-api-token-remaining[\r][\n]"
11-22-2022 21:54:18 Wire.java DEBUG [main] http.wire 73 -  << "X-Rate-Limit-Api-Token-Interval-Ms: 10000[\r][\n]"
11-22-2022 21:54:18 Wire.java DEBUG [main] http.wire 73 -  << "X-Rate-Limit-Api-Token-Max: 100[\r][\n]"
11-22-2022 21:54:18 Wire.java DEBUG [main] http.wire 73 -  << "X-Rate-Limit-Api-Token-Remaining: 88[\r][\n]"
11-22-2022 21:54:18 Wire.java DEBUG [main] http.wire 73 -  << "X-Rate-Limit-Db-Query-Time-Interval-Ms: 600000[\r][\n]"
11-22-2022 21:54:18 Wire.java DEBUG [main] http.wire 73 -  << "X-Rate-Limit-Db-Query-Time-Max: 7200000[\r][\n]"
11-22-2022 21:54:18 Wire.java DEBUG [main] http.wire 73 -  << "X-Rate-Limit-Db-Query-Time-Remaining: 7199990[\r][\n]"
11-22-2022 21:54:18 Wire.java DEBUG [main] http.wire 73 -  << "X-Rate-Limit-Action-Interval-Ms: 3600000[\r][\n]"
11-22-2022 21:54:18 Wire.java DEBUG [main] http.wire 73 -  << "X-Rate-Limit-Action-Max: 15000[\r][\n]"
11-22-2022 21:54:18 Wire.java DEBUG [main] http.wire 73 -  << "X-Rate-Limit-Action-Remaining: 14999[\r][\n]"
11-22-2022 21:54:18 Wire.java DEBUG [main] http.wire 73 -  << "X-Rate-Limit-Api-Key-Interval-Ms: 10000[\r][\n]"
11-22-2022 21:54:18 Wire.java DEBUG [main] http.wire 73 -  << "X-Rate-Limit-Api-Key-Max: 300[\r][\n]"
11-22-2022 21:54:18 Wire.java DEBUG [main] http.wire 73 -  << "X-Rate-Limit-Api-Key-Remaining: 288[\r][\n]"
11-22-2022 21:54:18 Wire.java DEBUG [main] http.wire 73 -  << "X-Rate-Limit-Member-Interval-Ms: 10000[\r][\n]"
11-22-2022 21:54:18 Wire.java DEBUG [main] http.wire 73 -  << "X-Rate-Limit-Member-Max: 375[\r][\n]"
11-22-2022 21:54:18 Wire.java DEBUG [main] http.wire 73 -  << "X-Rate-Limit-Member-Remaining: 359[\r][\n]"
11-22-2022 21:54:18 Wire.java DEBUG [main] http.wire 73 -  << "Set-Cookie: preAuthProps=s%3A637b571e071bb7056eb94b61%3AisEnterpriseAdmin%3Dfalse.BsvCkeBZpDt2UycswUciukUDlffViKvce4GMwyTAYjA; Path=/; HttpOnly[\r][\n]"
11-22-2022 21:54:18 Wire.java DEBUG [main] http.wire 73 -  << "X-Server-Time: 1669134258456[\r][\n]"
11-22-2022 21:54:18 Wire.java DEBUG [main] http.wire 73 -  << "Server: AtlassianEdge[\r][\n]"
11-22-2022 21:54:18 Wire.java DEBUG [main] http.wire 73 -  << "Expect-Ct: report-uri="https://web-security-reports.services.atlassian.com/expect-ct-report/trello-edge", max-age=86400[\r][\n]"
11-22-2022 21:54:18 Wire.java DEBUG [main] http.wire 73 -  << "Strict-Transport-Security: max-age=63072000; preload[\r][\n]"
11-22-2022 21:54:18 Wire.java DEBUG [main] http.wire 73 -  << "X-Content-Type-Options: nosniff[\r][\n]"
11-22-2022 21:54:18 Wire.java DEBUG [main] http.wire 73 -  << "X-Xss-Protection: 1; mode=block[\r][\n]"
11-22-2022 21:54:18 Wire.java DEBUG [main] http.wire 73 -  << "Atl-Traceid: bfc93c7d8831a4e2[\r][\n]"
11-22-2022 21:54:18 Wire.java DEBUG [main] http.wire 73 -  << "Report-To: {"endpoints": [{"url": "https://dz8aopenkvv6s.cloudfront.net"}], "group": "endpoint-1", "include_subdomains": true, "max_age": 600}[\r][\n]"
11-22-2022 21:54:18 Wire.java DEBUG [main] http.wire 73 -  << "Nel: {"failure_fraction": 0.001, "include_subdomains": true, "max_age": 600, "report_to": "endpoint-1"}[\r][\n]"
11-22-2022 21:54:18 Wire.java DEBUG [main] http.wire 73 -  << "[\r][\n]"
11-22-2022 21:54:18 DefaultClientConnection.java DEBUG [main] conn.DefaultClientConnection 259 - Receiving response: HTTP/1.1 200 OK
11-22-2022 21:54:18 DefaultClientConnection.java DEBUG [main] http.headers 262 - << HTTP/1.1 200 OK
11-22-2022 21:54:18 DefaultClientConnection.java DEBUG [main] http.headers 265 - << Date: Tue, 22 Nov 2022 16:24:18 GMT
11-22-2022 21:54:18 DefaultClientConnection.java DEBUG [main] http.headers 265 - << Content-Type: application/json; charset=utf-8
11-22-2022 21:54:18 DefaultClientConnection.java DEBUG [main] http.headers 265 - << Content-Length: 13
11-22-2022 21:54:18 DefaultClientConnection.java DEBUG [main] http.headers 265 - << X-Dns-Prefetch-Control: off
11-22-2022 21:54:18 DefaultClientConnection.java DEBUG [main] http.headers 265 - << X-Frame-Options: DENY
11-22-2022 21:54:18 DefaultClientConnection.java DEBUG [main] http.headers 265 - << X-Download-Options: noopen
11-22-2022 21:54:18 DefaultClientConnection.java DEBUG [main] http.headers 265 - << X-Permitted-Cross-Domain-Policies: none
11-22-2022 21:54:18 DefaultClientConnection.java DEBUG [main] http.headers 265 - << Referrer-Policy: strict-origin-when-cross-origin
11-22-2022 21:54:18 DefaultClientConnection.java DEBUG [main] http.headers 265 - << Surrogate-Control: no-store
11-22-2022 21:54:18 DefaultClientConnection.java DEBUG [main] http.headers 265 - << Cache-Control: max-age=0, must-revalidate, no-cache, no-store
11-22-2022 21:54:18 DefaultClientConnection.java DEBUG [main] http.headers 265 - << Pragma: no-cache
11-22-2022 21:54:18 DefaultClientConnection.java DEBUG [main] http.headers 265 - << Expires: Thu, 01 Jan 1970 00:00:00
11-22-2022 21:54:18 DefaultClientConnection.java DEBUG [main] http.headers 265 - << X-Trello-Version: 1.170568.0
11-22-2022 21:54:18 DefaultClientConnection.java DEBUG [main] http.headers 265 - << X-Trello-Environment: Production (Micros)
11-22-2022 21:54:18 DefaultClientConnection.java DEBUG [main] http.headers 265 - << Access-Control-Allow-Origin: *
11-22-2022 21:54:18 DefaultClientConnection.java DEBUG [main] http.headers 265 - << Access-Control-Allow-Methods: GET, PUT, POST, DELETE
11-22-2022 21:54:18 DefaultClientConnection.java DEBUG [main] http.headers 265 - << Access-Control-Allow-Headers: Authorization, Accept, Content-Type
11-22-2022 21:54:18 DefaultClientConnection.java DEBUG [main] http.headers 265 - << Access-Control-Expose-Headers: x-rate-limit-api-key-interval-ms, x-rate-limit-api-key-max, x-rate-limit-api-key-remaining, x-rate-limit-api-token-interval-ms, x-rate-limit-api-token-max, x-rate-limit-api-token-remaining
11-22-2022 21:54:18 DefaultClientConnection.java DEBUG [main] http.headers 265 - << X-Rate-Limit-Api-Token-Interval-Ms: 10000
11-22-2022 21:54:18 DefaultClientConnection.java DEBUG [main] http.headers 265 - << X-Rate-Limit-Api-Token-Max: 100
11-22-2022 21:54:18 DefaultClientConnection.java DEBUG [main] http.headers 265 - << X-Rate-Limit-Api-Token-Remaining: 88
11-22-2022 21:54:18 DefaultClientConnection.java DEBUG [main] http.headers 265 - << X-Rate-Limit-Db-Query-Time-Interval-Ms: 600000
11-22-2022 21:54:18 DefaultClientConnection.java DEBUG [main] http.headers 265 - << X-Rate-Limit-Db-Query-Time-Max: 7200000
11-22-2022 21:54:18 DefaultClientConnection.java DEBUG [main] http.headers 265 - << X-Rate-Limit-Db-Query-Time-Remaining: 7199990
11-22-2022 21:54:18 DefaultClientConnection.java DEBUG [main] http.headers 265 - << X-Rate-Limit-Action-Interval-Ms: 3600000
11-22-2022 21:54:18 DefaultClientConnection.java DEBUG [main] http.headers 265 - << X-Rate-Limit-Action-Max: 15000
11-22-2022 21:54:18 DefaultClientConnection.java DEBUG [main] http.headers 265 - << X-Rate-Limit-Action-Remaining: 14999
11-22-2022 21:54:18 DefaultClientConnection.java DEBUG [main] http.headers 265 - << X-Rate-Limit-Api-Key-Interval-Ms: 10000
11-22-2022 21:54:18 DefaultClientConnection.java DEBUG [main] http.headers 265 - << X-Rate-Limit-Api-Key-Max: 300
11-22-2022 21:54:18 DefaultClientConnection.java DEBUG [main] http.headers 265 - << X-Rate-Limit-Api-Key-Remaining: 288
11-22-2022 21:54:18 DefaultClientConnection.java DEBUG [main] http.headers 265 - << X-Rate-Limit-Member-Interval-Ms: 10000
11-22-2022 21:54:18 DefaultClientConnection.java DEBUG [main] http.headers 265 - << X-Rate-Limit-Member-Max: 375
11-22-2022 21:54:18 DefaultClientConnection.java DEBUG [main] http.headers 265 - << X-Rate-Limit-Member-Remaining: 359
11-22-2022 21:54:18 DefaultClientConnection.java DEBUG [main] http.headers 265 - << Set-Cookie: preAuthProps=s%3A637b571e071bb7056eb94b61%3AisEnterpriseAdmin%3Dfalse.BsvCkeBZpDt2UycswUciukUDlffViKvce4GMwyTAYjA; Path=/; HttpOnly
11-22-2022 21:54:18 DefaultClientConnection.java DEBUG [main] http.headers 265 - << X-Server-Time: 1669134258456
11-22-2022 21:54:18 DefaultClientConnection.java DEBUG [main] http.headers 265 - << Server: AtlassianEdge
11-22-2022 21:54:18 DefaultClientConnection.java DEBUG [main] http.headers 265 - << Expect-Ct: report-uri="https://web-security-reports.services.atlassian.com/expect-ct-report/trello-edge", max-age=86400
11-22-2022 21:54:18 DefaultClientConnection.java DEBUG [main] http.headers 265 - << Strict-Transport-Security: max-age=63072000; preload
11-22-2022 21:54:18 DefaultClientConnection.java DEBUG [main] http.headers 265 - << X-Content-Type-Options: nosniff
11-22-2022 21:54:18 DefaultClientConnection.java DEBUG [main] http.headers 265 - << X-Xss-Protection: 1; mode=block
11-22-2022 21:54:18 DefaultClientConnection.java DEBUG [main] http.headers 265 - << Atl-Traceid: bfc93c7d8831a4e2
11-22-2022 21:54:18 DefaultClientConnection.java DEBUG [main] http.headers 265 - << Report-To: {"endpoints": [{"url": "https://dz8aopenkvv6s.cloudfront.net"}], "group": "endpoint-1", "include_subdomains": true, "max_age": 600}
11-22-2022 21:54:18 DefaultClientConnection.java DEBUG [main] http.headers 265 - << Nel: {"failure_fraction": 0.001, "include_subdomains": true, "max_age": 600, "report_to": "endpoint-1"}
11-22-2022 21:54:18 DefaultRequestDirector.java DEBUG [main] client.DefaultHttpClient 504 - Connection can be kept alive indefinitely
11-22-2022 21:54:18 HTTPBuilder.java DEBUG [main] internal.RequestSpecificationImpl$RestAssuredHttpBuilder 545 - Parsing response as: application/json; charset=utf-8
11-22-2022 21:54:18 HTTPBuilder.java DEBUG [main] internal.RequestSpecificationImpl$RestAssuredHttpBuilder 548 - Parsed data to instance of: class org.apache.http.conn.EofSensorInputStream
11-22-2022 21:54:18 Wire.java DEBUG [main] http.wire 87 -  << "{"limits":{}}"
11-22-2022 21:54:18 BasicClientConnectionManager.java DEBUG [main] conn.BasicClientConnectionManager 200 - Releasing connection org.apache.http.impl.conn.ManagedClientConnectionImpl@23b71d24
11-22-2022 21:54:18 BasicClientConnectionManager.java DEBUG [main] conn.BasicClientConnectionManager 225 - Connection can be kept alive indefinitely
HTTP/1.1 200 OK
Date: Tue, 22 Nov 2022 16:24:18 GMT
Content-Type: application/json; charset=utf-8
Content-Length: 13
X-Dns-Prefetch-Control: off
X-Frame-Options: DENY
X-Download-Options: noopen
X-Permitted-Cross-Domain-Policies: none
Referrer-Policy: strict-origin-when-cross-origin
Surrogate-Control: no-store
Cache-Control: max-age=0, must-revalidate, no-cache, no-store
Pragma: no-cache
Expires: Thu, 01 Jan 1970 00:00:00
X-Trello-Version: 1.170568.0
X-Trello-Environment: Production (Micros)
Access-Control-Allow-Origin: *
Access-Control-Allow-Methods: GET, PUT, POST, DELETE
Access-Control-Allow-Headers: Authorization, Accept, Content-Type
Access-Control-Expose-Headers: x-rate-limit-api-key-interval-ms, x-rate-limit-api-key-max, x-rate-limit-api-key-remaining, x-rate-limit-api-token-interval-ms, x-rate-limit-api-token-max, x-rate-limit-api-token-remaining
X-Rate-Limit-Api-Token-Interval-Ms: 10000
X-Rate-Limit-Api-Token-Max: 100
X-Rate-Limit-Api-Token-Remaining: 88
X-Rate-Limit-Db-Query-Time-Interval-Ms: 600000
X-Rate-Limit-Db-Query-Time-Max: 7200000
X-Rate-Limit-Db-Query-Time-Remaining: 7199990
X-Rate-Limit-Action-Interval-Ms: 3600000
X-Rate-Limit-Action-Max: 15000
X-Rate-Limit-Action-Remaining: 14999
X-Rate-Limit-Api-Key-Interval-Ms: 10000
X-Rate-Limit-Api-Key-Max: 300
X-Rate-Limit-Api-Key-Remaining: 288
X-Rate-Limit-Member-Interval-Ms: 10000
X-Rate-Limit-Member-Max: 375
X-Rate-Limit-Member-Remaining: 359
Set-Cookie: preAuthProps=s%3A637b571e071bb7056eb94b61%3AisEnterpriseAdmin%3Dfalse.BsvCkeBZpDt2UycswUciukUDlffViKvce4GMwyTAYjA; Path=/; HttpOnly
X-Server-Time: 1669134258456
Server: AtlassianEdge
Expect-Ct: report-uri="https://web-security-reports.services.atlassian.com/expect-ct-report/trello-edge", max-age=86400
Strict-Transport-Security: max-age=63072000; preload
X-Content-Type-Options: nosniff
X-Xss-Protection: 1; mode=block
Atl-Traceid: bfc93c7d8831a4e2
Report-To: {"endpoints": [{"url": "https://dz8aopenkvv6s.cloudfront.net"}], "group": "endpoint-1", "include_subdomains": true, "max_age": 600}
Nel: {"failure_fraction": 0.001, "include_subdomains": true, "max_age": 600, "report_to": "endpoint-1"}

{
    "limits": {
        
    }
}
]]></system-out>
  </testcase>
</testsuite>