<?xml version="1.0" encoding="UTF-8"?>
<testng-results ignored="3" total="19" passed="16" failed="0" skipped="0">
  <reporter-output>
  </reporter-output>
  <suite started-at="2022-11-22T21:54:05 IST" name="Suite" finished-at="2022-11-22T21:54:18 IST" duration-ms="13607">
    <groups>
    </groups>
    <test started-at="2022-11-22T21:54:05 IST" name="Test" finished-at="2022-11-22T21:54:18 IST" duration-ms="13607">
      <class name="testData.Cards">
        <test-method is-config="true" signature="setupTest()[pri:0, instance:testData.Cards@71def8f8]" started-at="2022-11-22T21:54:15 IST" name="setupTest" finished-at="2022-11-22T21:54:15 IST" duration-ms="0" status="PASS">
          <reporter-output>
          </reporter-output>
        </test-method> <!-- setupTest -->
        <test-method is-config="true" signature="startTest(java.lang.reflect.Method)[pri:0, instance:testData.Cards@71def8f8]" started-at="2022-11-22T21:54:15 IST" name="startTest" finished-at="2022-11-22T21:54:15 IST" duration-ms="1" status="PASS">
          <params>
            <param index="0">
              <value>
                <![CDATA[public void testData.Cards.Create_a_card() throws java.lang.Exception]]>
              </value>
            </param>
          </params>
          <reporter-output>
          </reporter-output>
        </test-method> <!-- startTest -->
        <test-method is-config="true" signature="setUpRequest()[pri:0, instance:testData.Cards@71def8f8]" started-at="2022-11-22T21:54:15 IST" name="setUpRequest" finished-at="2022-11-22T21:54:15 IST" duration-ms="0" status="PASS">
          <reporter-output>
          </reporter-output>
        </test-method> <!-- setUpRequest -->
        <test-method signature="Create_a_card()[pri:0, instance:testData.Cards@71def8f8]" started-at="2022-11-22T21:54:15 IST" name="Create_a_card" finished-at="2022-11-22T21:54:16 IST" duration-ms="705" status="PASS">
          <reporter-output>
          </reporter-output>
        </test-method> <!-- Create_a_card -->
        <test-method is-config="true" signature="reportFlush(org.testng.ITestResult)[pri:0, instance:testData.Cards@71def8f8]" started-at="2022-11-22T21:54:16 IST" name="reportFlush" finished-at="2022-11-22T21:54:16 IST" duration-ms="22" status="PASS">
          <params>
            <param index="0">
              <value>
                <![CDATA[[TestResult name=Create_a_card status=SUCCESS method=Cards.Create_a_card()[pri:0, instance:testData.Cards@71def8f8] output={null}]]]>
              </value>
            </param>
          </params>
          <reporter-output>
          </reporter-output>
        </test-method> <!-- reportFlush -->
        <test-method is-config="true" signature="startTest(java.lang.reflect.Method)[pri:0, instance:testData.Cards@71def8f8]" started-at="2022-11-22T21:54:16 IST" name="startTest" finished-at="2022-11-22T21:54:16 IST" duration-ms="1" status="PASS">
          <params>
            <param index="0">
              <value>
                <![CDATA[public void testData.Cards.update_a_card() throws java.lang.Exception]]>
              </value>
            </param>
          </params>
          <reporter-output>
          </reporter-output>
        </test-method> <!-- startTest -->
        <test-method signature="update_a_card()[pri:1, instance:testData.Cards@71def8f8]" started-at="2022-11-22T21:54:16 IST" name="update_a_card" finished-at="2022-11-22T21:54:17 IST" duration-ms="625" status="PASS">
          <reporter-output>
          </reporter-output>
        </test-method> <!-- update_a_card -->
        <test-method is-config="true" signature="setUpRequest()[pri:0, instance:testData.Cards@71def8f8]" started-at="2022-11-22T21:54:16 IST" name="setUpRequest" finished-at="2022-11-22T21:54:16 IST" duration-ms="0" status="PASS">
          <reporter-output>
          </reporter-output>
        </test-method> <!-- setUpRequest -->
        <test-method is-config="true" signature="reportFlush(org.testng.ITestResult)[pri:0, instance:testData.Cards@71def8f8]" started-at="2022-11-22T21:54:17 IST" name="reportFlush" finished-at="2022-11-22T21:54:17 IST" duration-ms="20" status="PASS">
          <params>
            <param index="0">
              <value>
                <![CDATA[[TestResult name=update_a_card status=SUCCESS method=Cards.update_a_card()[pri:1, instance:testData.Cards@71def8f8] output={null}]]]>
              </value>
            </param>
          </params>
          <reporter-output>
          </reporter-output>
        </test-method> <!-- reportFlush -->
        <test-method is-config="true" signature="setUpRequest()[pri:0, instance:testData.Cards@71def8f8]" started-at="2022-11-22T21:54:17 IST" name="setUpRequest" finished-at="2022-11-22T21:54:17 IST" duration-ms="0" status="PASS">
          <reporter-output>
          </reporter-output>
        </test-method> <!-- setUpRequest -->
        <test-method is-config="true" signature="startTest(java.lang.reflect.Method)[pri:0, instance:testData.Cards@71def8f8]" started-at="2022-11-22T21:54:17 IST" name="startTest" finished-at="2022-11-22T21:54:17 IST" duration-ms="0" status="PASS">
          <params>
            <param index="0">
              <value>
                <![CDATA[public void testData.Cards.get_a_card() throws java.lang.Exception]]>
              </value>
            </param>
          </params>
          <reporter-output>
          </reporter-output>
        </test-method> <!-- startTest -->
        <test-method signature="get_a_card()[pri:2, instance:testData.Cards@71def8f8]" started-at="2022-11-22T21:54:17 IST" name="get_a_card" finished-at="2022-11-22T21:54:17 IST" duration-ms="552" status="PASS">
          <reporter-output>
          </reporter-output>
        </test-method> <!-- get_a_card -->
        <test-method is-config="true" signature="reportFlush(org.testng.ITestResult)[pri:0, instance:testData.Cards@71def8f8]" started-at="2022-11-22T21:54:17 IST" name="reportFlush" finished-at="2022-11-22T21:54:17 IST" duration-ms="19" status="PASS">
          <params>
            <param index="0">
              <value>
                <![CDATA[[TestResult name=get_a_card status=SUCCESS method=Cards.get_a_card()[pri:2, instance:testData.Cards@71def8f8] output={null}]]]>
              </value>
            </param>
          </params>
          <reporter-output>
          </reporter-output>
        </test-method> <!-- reportFlush -->
        <test-method is-config="true" signature="startTest(java.lang.reflect.Method)[pri:0, instance:testData.Cards@71def8f8]" started-at="2022-11-22T21:54:17 IST" name="startTest" finished-at="2022-11-22T21:54:17 IST" duration-ms="2" status="PASS">
          <params>
            <param index="0">
              <value>
                <![CDATA[public void testData.Cards.Delete_board() throws java.lang.Exception]]>
              </value>
            </param>
          </params>
          <reporter-output>
          </reporter-output>
        </test-method> <!-- startTest -->
        <test-method is-config="true" signature="setUpRequest()[pri:0, instance:testData.Cards@71def8f8]" started-at="2022-11-22T21:54:17 IST" name="setUpRequest" finished-at="2022-11-22T21:54:17 IST" duration-ms="0" status="PASS">
          <reporter-output>
          </reporter-output>
        </test-method> <!-- setUpRequest -->
        <test-method signature="Delete_board()[pri:3, instance:testData.Cards@71def8f8]" started-at="2022-11-22T21:54:17 IST" name="Delete_board" finished-at="2022-11-22T21:54:18 IST" duration-ms="704" status="PASS">
          <reporter-output>
          </reporter-output>
        </test-method> <!-- Delete_board -->
        <test-method is-config="true" signature="reportFlush(org.testng.ITestResult)[pri:0, instance:testData.Cards@71def8f8]" started-at="2022-11-22T21:54:18 IST" name="reportFlush" finished-at="2022-11-22T21:54:18 IST" duration-ms="23" status="PASS">
          <params>
            <param index="0">
              <value>
                <![CDATA[[TestResult name=Delete_board status=SUCCESS method=Cards.Delete_board()[pri:3, instance:testData.Cards@71def8f8] output={null}]]]>
              </value>
            </param>
          </params>
          <reporter-output>
          </reporter-output>
        </test-method> <!-- reportFlush -->
      </class> <!-- testData.Cards -->
      <class name="testData.Organization">
        <test-method is-config="true" signature="setupTest()[pri:0, instance:testData.Organization@16610890]" started-at="2022-11-22T21:54:13 IST" name="setupTest" finished-at="2022-11-22T21:54:13 IST" duration-ms="1" status="PASS">
          <reporter-output>
          </reporter-output>
        </test-method> <!-- setupTest -->
        <test-method is-config="true" signature="startTest(java.lang.reflect.Method)[pri:0, instance:testData.Organization@16610890]" started-at="2022-11-22T21:54:13 IST" name="startTest" finished-at="2022-11-22T21:54:13 IST" duration-ms="0" status="PASS">
          <params>
            <param index="0">
              <value>
                <![CDATA[public void testData.Organization.Create_an_Organization() throws java.lang.Exception]]>
              </value>
            </param>
          </params>
          <reporter-output>
          </reporter-output>
        </test-method> <!-- startTest -->
        <test-method is-config="true" signature="setUpRequest()[pri:0, instance:testData.Organization@16610890]" started-at="2022-11-22T21:54:13 IST" name="setUpRequest" finished-at="2022-11-22T21:54:13 IST" duration-ms="0" status="PASS">
          <reporter-output>
          </reporter-output>
        </test-method> <!-- setUpRequest -->
        <test-method signature="Create_an_Organization()[pri:0, instance:testData.Organization@16610890]" started-at="2022-11-22T21:54:13 IST" name="Create_an_Organization" finished-at="2022-11-22T21:54:13 IST" duration-ms="755" status="PASS">
          <reporter-output>
          </reporter-output>
        </test-method> <!-- Create_an_Organization -->
        <test-method is-config="true" signature="reportFlush(org.testng.ITestResult)[pri:0, instance:testData.Organization@16610890]" started-at="2022-11-22T21:54:13 IST" name="reportFlush" finished-at="2022-11-22T21:54:14 IST" duration-ms="20" status="PASS">
          <params>
            <param index="0">
              <value>
                <![CDATA[[TestResult name=Create_an_Organization status=SUCCESS method=Organization.Create_an_Organization()[pri:0, instance:testData.Organization@16610890] output={null}]]]>
              </value>
            </param>
          </params>
          <reporter-output>
          </reporter-output>
        </test-method> <!-- reportFlush -->
        <test-method is-config="true" signature="startTest(java.lang.reflect.Method)[pri:0, instance:testData.Organization@16610890]" started-at="2022-11-22T21:54:14 IST" name="startTest" finished-at="2022-11-22T21:54:14 IST" duration-ms="1" status="PASS">
          <params>
            <param index="0">
              <value>
                <![CDATA[public void testData.Organization.Update_an_Organization() throws java.lang.Exception]]>
              </value>
            </param>
          </params>
          <reporter-output>
          </reporter-output>
        </test-method> <!-- startTest -->
        <test-method signature="Update_an_Organization()[pri:1, instance:testData.Organization@16610890]" started-at="2022-11-22T21:54:14 IST" name="Update_an_Organization" finished-at="2022-11-22T21:54:14 IST" duration-ms="603" status="PASS">
          <reporter-output>
          </reporter-output>
        </test-method> <!-- Update_an_Organization -->
        <test-method is-config="true" signature="setUpRequest()[pri:0, instance:testData.Organization@16610890]" started-at="2022-11-22T21:54:14 IST" name="setUpRequest" finished-at="2022-11-22T21:54:14 IST" duration-ms="0" status="PASS">
          <reporter-output>
          </reporter-output>
        </test-method> <!-- setUpRequest -->
        <test-method is-config="true" signature="reportFlush(org.testng.ITestResult)[pri:0, instance:testData.Organization@16610890]" started-at="2022-11-22T21:54:14 IST" name="reportFlush" finished-at="2022-11-22T21:54:14 IST" duration-ms="17" status="PASS">
          <params>
            <param index="0">
              <value>
                <![CDATA[[TestResult name=Update_an_Organization status=SUCCESS method=Organization.Update_an_Organization()[pri:1, instance:testData.Organization@16610890] output={null}]]]>
              </value>
            </param>
          </params>
          <reporter-output>
          </reporter-output>
        </test-method> <!-- reportFlush -->
        <test-method is-config="true" signature="setUpRequest()[pri:0, instance:testData.Organization@16610890]" started-at="2022-11-22T21:54:14 IST" name="setUpRequest" finished-at="2022-11-22T21:54:14 IST" duration-ms="1" status="PASS">
          <reporter-output>
          </reporter-output>
        </test-method> <!-- setUpRequest -->
        <test-method is-config="true" signature="startTest(java.lang.reflect.Method)[pri:0, instance:testData.Organization@16610890]" started-at="2022-11-22T21:54:14 IST" name="startTest" finished-at="2022-11-22T21:54:14 IST" duration-ms="0" status="PASS">
          <params>
            <param index="0">
              <value>
                <![CDATA[public void testData.Organization.Get_an_Organization() throws java.lang.Exception]]>
              </value>
            </param>
          </params>
          <reporter-output>
          </reporter-output>
        </test-method> <!-- startTest -->
        <test-method signature="Get_an_Organization()[pri:2, instance:testData.Organization@16610890]" started-at="2022-11-22T21:54:14 IST" name="Get_an_Organization" finished-at="2022-11-22T21:54:15 IST" duration-ms="536" status="PASS">
          <reporter-output>
          </reporter-output>
        </test-method> <!-- Get_an_Organization -->
        <test-method is-config="true" signature="reportFlush(org.testng.ITestResult)[pri:0, instance:testData.Organization@16610890]" started-at="2022-11-22T21:54:15 IST" name="reportFlush" finished-at="2022-11-22T21:54:15 IST" duration-ms="16" status="PASS">
          <params>
            <param index="0">
              <value>
                <![CDATA[[TestResult name=Get_an_Organization status=SUCCESS method=Organization.Get_an_Organization()[pri:2, instance:testData.Organization@16610890] output={null}]]]>
              </value>
            </param>
          </params>
          <reporter-output>
          </reporter-output>
        </test-method> <!-- reportFlush -->
        <test-method is-config="true" signature="startTest(java.lang.reflect.Method)[pri:0, instance:testData.Organization@16610890]" started-at="2022-11-22T21:54:15 IST" name="startTest" finished-at="2022-11-22T21:54:15 IST" duration-ms="1" status="PASS">
          <params>
            <param index="0">
              <value>
                <![CDATA[public void testData.Organization.delete_an_Organization() throws java.lang.Exception]]>
              </value>
            </param>
          </params>
          <reporter-output>
          </reporter-output>
        </test-method> <!-- startTest -->
        <test-method signature="delete_an_Organization()[pri:3, instance:testData.Organization@16610890]" started-at="2022-11-22T21:54:15 IST" name="delete_an_Organization" finished-at="2022-11-22T21:54:15 IST" duration-ms="761" status="PASS">
          <reporter-output>
          </reporter-output>
        </test-method> <!-- delete_an_Organization -->
        <test-method is-config="true" signature="setUpRequest()[pri:0, instance:testData.Organization@16610890]" started-at="2022-11-22T21:54:15 IST" name="setUpRequest" finished-at="2022-11-22T21:54:15 IST" duration-ms="0" status="PASS">
          <reporter-output>
          </reporter-output>
        </test-method> <!-- setUpRequest -->
        <test-method is-config="true" signature="reportFlush(org.testng.ITestResult)[pri:0, instance:testData.Organization@16610890]" started-at="2022-11-22T21:54:15 IST" name="reportFlush" finished-at="2022-11-22T21:54:15 IST" duration-ms="14" status="PASS">
          <params>
            <param index="0">
              <value>
                <![CDATA[[TestResult name=delete_an_Organization status=SUCCESS method=Organization.delete_an_Organization()[pri:3, instance:testData.Organization@16610890] output={null}]]]>
              </value>
            </param>
          </params>
          <reporter-output>
          </reporter-output>
        </test-method> <!-- reportFlush -->
      </class> <!-- testData.Organization -->
      <class name="testData.Boards">
        <test-method is-config="true" signature="setupTest()[pri:0, instance:testData.Boards@3bf9ce3e]" started-at="2022-11-22T21:54:09 IST" name="setupTest" finished-at="2022-11-22T21:54:09 IST" duration-ms="1" status="PASS">
          <reporter-output>
          </reporter-output>
        </test-method> <!-- setupTest -->
        <test-method signature="Create_a_board()[pri:0, instance:testData.Boards@3bf9ce3e]" started-at="2022-11-22T21:54:09 IST" name="Create_a_board" finished-at="2022-11-22T21:54:10 IST" duration-ms="835" status="PASS">
          <reporter-output>
          </reporter-output>
        </test-method> <!-- Create_a_board -->
        <test-method is-config="true" signature="setUpRequest()[pri:0, instance:testData.Boards@3bf9ce3e]" started-at="2022-11-22T21:54:09 IST" name="setUpRequest" finished-at="2022-11-22T21:54:09 IST" duration-ms="0" status="PASS">
          <reporter-output>
          </reporter-output>
        </test-method> <!-- setUpRequest -->
        <test-method is-config="true" signature="startTest(java.lang.reflect.Method)[pri:0, instance:testData.Boards@3bf9ce3e]" started-at="2022-11-22T21:54:09 IST" name="startTest" finished-at="2022-11-22T21:54:09 IST" duration-ms="0" status="PASS">
          <params>
            <param index="0">
              <value>
                <![CDATA[public void testData.Boards.Create_a_board() throws java.lang.Exception]]>
              </value>
            </param>
          </params>
          <reporter-output>
          </reporter-output>
        </test-method> <!-- startTest -->
        <test-method is-config="true" signature="reportFlush(org.testng.ITestResult)[pri:0, instance:testData.Boards@3bf9ce3e]" started-at="2022-11-22T21:54:10 IST" name="reportFlush" finished-at="2022-11-22T21:54:10 IST" duration-ms="43" status="PASS">
          <params>
            <param index="0">
              <value>
                <![CDATA[[TestResult name=Create_a_board status=SUCCESS method=Boards.Create_a_board()[pri:0, instance:testData.Boards@3bf9ce3e] output={null}]]]>
              </value>
            </param>
          </params>
          <reporter-output>
          </reporter-output>
        </test-method> <!-- reportFlush -->
        <test-method is-config="true" signature="startTest(java.lang.reflect.Method)[pri:0, instance:testData.Boards@3bf9ce3e]" started-at="2022-11-22T21:54:10 IST" name="startTest" finished-at="2022-11-22T21:54:10 IST" duration-ms="1" status="PASS">
          <params>
            <param index="0">
              <value>
                <![CDATA[public void testData.Boards.Update_board() throws java.lang.Exception]]>
              </value>
            </param>
          </params>
          <reporter-output>
          </reporter-output>
        </test-method> <!-- startTest -->
        <test-method signature="Update_board()[pri:1, instance:testData.Boards@3bf9ce3e]" started-at="2022-11-22T21:54:10 IST" name="Update_board" finished-at="2022-11-22T21:54:11 IST" duration-ms="701" status="PASS">
          <reporter-output>
          </reporter-output>
        </test-method> <!-- Update_board -->
        <test-method is-config="true" signature="setUpRequest()[pri:0, instance:testData.Boards@3bf9ce3e]" started-at="2022-11-22T21:54:10 IST" name="setUpRequest" finished-at="2022-11-22T21:54:10 IST" duration-ms="0" status="PASS">
          <reporter-output>
          </reporter-output>
        </test-method> <!-- setUpRequest -->
        <test-method is-config="true" signature="reportFlush(org.testng.ITestResult)[pri:0, instance:testData.Boards@3bf9ce3e]" started-at="2022-11-22T21:54:11 IST" name="reportFlush" finished-at="2022-11-22T21:54:11 IST" duration-ms="27" status="PASS">
          <params>
            <param index="0">
              <value>
                <![CDATA[[TestResult name=Update_board status=SUCCESS method=Boards.Update_board()[pri:1, instance:testData.Boards@3bf9ce3e] output={null}]]]>
              </value>
            </param>
          </params>
          <reporter-output>
          </reporter-output>
        </test-method> <!-- reportFlush -->
        <test-method is-config="true" signature="startTest(java.lang.reflect.Method)[pri:0, instance:testData.Boards@3bf9ce3e]" started-at="2022-11-22T21:54:11 IST" name="startTest" finished-at="2022-11-22T21:54:11 IST" duration-ms="2" status="PASS">
          <params>
            <param index="0">
              <value>
                <![CDATA[public void testData.Boards.Get_a_board() throws java.lang.Exception]]>
              </value>
            </param>
          </params>
          <reporter-output>
          </reporter-output>
        </test-method> <!-- startTest -->
        <test-method is-config="true" signature="setUpRequest()[pri:0, instance:testData.Boards@3bf9ce3e]" started-at="2022-11-22T21:54:11 IST" name="setUpRequest" finished-at="2022-11-22T21:54:11 IST" duration-ms="0" status="PASS">
          <reporter-output>
          </reporter-output>
        </test-method> <!-- setUpRequest -->
        <test-method signature="Get_a_board()[pri:2, instance:testData.Boards@3bf9ce3e]" started-at="2022-11-22T21:54:11 IST" name="Get_a_board" finished-at="2022-11-22T21:54:12 IST" duration-ms="567" status="PASS">
          <reporter-output>
          </reporter-output>
        </test-method> <!-- Get_a_board -->
        <test-method is-config="true" signature="reportFlush(org.testng.ITestResult)[pri:0, instance:testData.Boards@3bf9ce3e]" started-at="2022-11-22T21:54:12 IST" name="reportFlush" finished-at="2022-11-22T21:54:12 IST" duration-ms="25" status="PASS">
          <params>
            <param index="0">
              <value>
                <![CDATA[[TestResult name=Get_a_board status=SUCCESS method=Boards.Get_a_board()[pri:2, instance:testData.Boards@3bf9ce3e] output={null}]]]>
              </value>
            </param>
          </params>
          <reporter-output>
          </reporter-output>
        </test-method> <!-- reportFlush -->
        <test-method is-config="true" signature="startTest(java.lang.reflect.Method)[pri:0, instance:testData.Boards@3bf9ce3e]" started-at="2022-11-22T21:54:12 IST" name="startTest" finished-at="2022-11-22T21:54:12 IST" duration-ms="0" status="PASS">
          <params>
            <param index="0">
              <value>
                <![CDATA[public void testData.Boards.Delete_board() throws java.lang.Exception]]>
              </value>
            </param>
          </params>
          <reporter-output>
          </reporter-output>
        </test-method> <!-- startTest -->
        <test-method is-config="true" signature="setUpRequest()[pri:0, instance:testData.Boards@3bf9ce3e]" started-at="2022-11-22T21:54:12 IST" name="setUpRequest" finished-at="2022-11-22T21:54:12 IST" duration-ms="0" status="PASS">
          <reporter-output>
          </reporter-output>
        </test-method> <!-- setUpRequest -->
        <test-method signature="Delete_board()[pri:3, instance:testData.Boards@3bf9ce3e]" started-at="2022-11-22T21:54:12 IST" name="Delete_board" finished-at="2022-11-22T21:54:13 IST" duration-ms="1103" status="PASS">
          <reporter-output>
          </reporter-output>
        </test-method> <!-- Delete_board -->
        <test-method is-config="true" signature="reportFlush(org.testng.ITestResult)[pri:0, instance:testData.Boards@3bf9ce3e]" started-at="2022-11-22T21:54:13 IST" name="reportFlush" finished-at="2022-11-22T21:54:13 IST" duration-ms="19" status="PASS">
          <params>
            <param index="0">
              <value>
                <![CDATA[[TestResult name=Delete_board status=SUCCESS method=Boards.Delete_board()[pri:3, instance:testData.Boards@3bf9ce3e] output={null}]]]>
              </value>
            </param>
          </params>
          <reporter-output>
          </reporter-output>
        </test-method> <!-- reportFlush -->
      </class> <!-- testData.Boards -->
      <class name="testData.Checklist">
        <test-method is-config="true" signature="init()[pri:0, instance:testData.Checklist@4a7f959b]" started-at="2022-11-22T21:54:04 IST" name="init" finished-at="2022-11-22T21:54:05 IST" duration-ms="132" status="PASS">
          <reporter-output>
          </reporter-output>
        </test-method> <!-- init -->
        <test-method is-config="true" signature="setupTest()[pri:0, instance:testData.Checklist@4a7f959b]" started-at="2022-11-22T21:54:05 IST" name="setupTest" finished-at="2022-11-22T21:54:05 IST" duration-ms="0" status="PASS">
          <reporter-output>
          </reporter-output>
        </test-method> <!-- setupTest -->
        <test-method is-config="true" signature="startTest(java.lang.reflect.Method)[pri:0, instance:testData.Checklist@4a7f959b]" started-at="2022-11-22T21:54:05 IST" name="startTest" finished-at="2022-11-22T21:54:05 IST" duration-ms="474" status="PASS">
          <params>
            <param index="0">
              <value>
                <![CDATA[public void testData.Checklist.Create_a_checklist() throws java.lang.Exception]]>
              </value>
            </param>
          </params>
          <reporter-output>
          </reporter-output>
        </test-method> <!-- startTest -->
        <test-method is-config="true" signature="setUpRequest()[pri:0, instance:testData.Checklist@4a7f959b]" started-at="2022-11-22T21:54:05 IST" name="setUpRequest" finished-at="2022-11-22T21:54:05 IST" duration-ms="0" status="PASS">
          <reporter-output>
          </reporter-output>
        </test-method> <!-- setUpRequest -->
        <test-method signature="Create_a_checklist()[pri:0, instance:testData.Checklist@4a7f959b]" started-at="2022-11-22T21:54:05 IST" name="Create_a_checklist" finished-at="2022-11-22T21:54:07 IST" duration-ms="1831" status="PASS">
          <reporter-output>
          </reporter-output>
        </test-method> <!-- Create_a_checklist -->
        <test-method is-config="true" signature="reportFlush(org.testng.ITestResult)[pri:0, instance:testData.Checklist@4a7f959b]" started-at="2022-11-22T21:54:07 IST" name="reportFlush" finished-at="2022-11-22T21:54:07 IST" duration-ms="174" status="PASS">
          <params>
            <param index="0">
              <value>
                <![CDATA[[TestResult name=Create_a_checklist status=SUCCESS method=Checklist.Create_a_checklist()[pri:0, instance:testData.Checklist@4a7f959b] output={null}]]]>
              </value>
            </param>
          </params>
          <reporter-output>
          </reporter-output>
        </test-method> <!-- reportFlush -->
        <test-method is-config="true" signature="startTest(java.lang.reflect.Method)[pri:0, instance:testData.Checklist@4a7f959b]" started-at="2022-11-22T21:54:07 IST" name="startTest" finished-at="2022-11-22T21:54:07 IST" duration-ms="1" status="PASS">
          <params>
            <param index="0">
              <value>
                <![CDATA[public void testData.Checklist.Update_a_Checklist() throws java.lang.Exception]]>
              </value>
            </param>
          </params>
          <reporter-output>
          </reporter-output>
        </test-method> <!-- startTest -->
        <test-method is-config="true" signature="setUpRequest()[pri:0, instance:testData.Checklist@4a7f959b]" started-at="2022-11-22T21:54:07 IST" name="setUpRequest" finished-at="2022-11-22T21:54:07 IST" duration-ms="3" status="PASS">
          <reporter-output>
          </reporter-output>
        </test-method> <!-- setUpRequest -->
        <test-method signature="Update_a_Checklist()[pri:1, instance:testData.Checklist@4a7f959b]" started-at="2022-11-22T21:54:07 IST" name="Update_a_Checklist" finished-at="2022-11-22T21:54:08 IST" duration-ms="663" status="PASS">
          <reporter-output>
          </reporter-output>
        </test-method> <!-- Update_a_Checklist -->
        <test-method is-config="true" signature="reportFlush(org.testng.ITestResult)[pri:0, instance:testData.Checklist@4a7f959b]" started-at="2022-11-22T21:54:08 IST" name="reportFlush" finished-at="2022-11-22T21:54:08 IST" duration-ms="36" status="PASS">
          <params>
            <param index="0">
              <value>
                <![CDATA[[TestResult name=Update_a_Checklist status=SUCCESS method=Checklist.Update_a_Checklist()[pri:1, instance:testData.Checklist@4a7f959b] output={null}]]]>
              </value>
            </param>
          </params>
          <reporter-output>
          </reporter-output>
        </test-method> <!-- reportFlush -->
        <test-method is-config="true" signature="startTest(java.lang.reflect.Method)[pri:0, instance:testData.Checklist@4a7f959b]" started-at="2022-11-22T21:54:08 IST" name="startTest" finished-at="2022-11-22T21:54:08 IST" duration-ms="1" status="PASS">
          <params>
            <param index="0">
              <value>
                <![CDATA[public void testData.Checklist.Get_a_Checklist() throws java.lang.Exception]]>
              </value>
            </param>
          </params>
          <reporter-output>
          </reporter-output>
        </test-method> <!-- startTest -->
        <test-method signature="Get_a_Checklist()[pri:2, instance:testData.Checklist@4a7f959b]" started-at="2022-11-22T21:54:08 IST" name="Get_a_Checklist" finished-at="2022-11-22T21:54:08 IST" duration-ms="569" status="PASS">
          <reporter-output>
          </reporter-output>
        </test-method> <!-- Get_a_Checklist -->
        <test-method is-config="true" signature="setUpRequest()[pri:0, instance:testData.Checklist@4a7f959b]" started-at="2022-11-22T21:54:08 IST" name="setUpRequest" finished-at="2022-11-22T21:54:08 IST" duration-ms="0" status="PASS">
          <reporter-output>
          </reporter-output>
        </test-method> <!-- setUpRequest -->
        <test-method is-config="true" signature="reportFlush(org.testng.ITestResult)[pri:0, instance:testData.Checklist@4a7f959b]" started-at="2022-11-22T21:54:08 IST" name="reportFlush" finished-at="2022-11-22T21:54:08 IST" duration-ms="35" status="PASS">
          <params>
            <param index="0">
              <value>
                <![CDATA[[TestResult name=Get_a_Checklist status=SUCCESS method=Checklist.Get_a_Checklist()[pri:2, instance:testData.Checklist@4a7f959b] output={null}]]]>
              </value>
            </param>
          </params>
          <reporter-output>
          </reporter-output>
        </test-method> <!-- reportFlush -->
        <test-method is-config="true" signature="startTest(java.lang.reflect.Method)[pri:0, instance:testData.Checklist@4a7f959b]" started-at="2022-11-22T21:54:08 IST" name="startTest" finished-at="2022-11-22T21:54:08 IST" duration-ms="1" status="PASS">
          <params>
            <param index="0">
              <value>
                <![CDATA[public void testData.Checklist.delete_a_Checklist() throws java.lang.Exception]]>
              </value>
            </param>
          </params>
          <reporter-output>
          </reporter-output>
        </test-method> <!-- startTest -->
        <test-method is-config="true" signature="setUpRequest()[pri:0, instance:testData.Checklist@4a7f959b]" started-at="2022-11-22T21:54:08 IST" name="setUpRequest" finished-at="2022-11-22T21:54:08 IST" duration-ms="0" status="PASS">
          <reporter-output>
          </reporter-output>
        </test-method> <!-- setUpRequest -->
        <test-method signature="delete_a_Checklist()[pri:3, instance:testData.Checklist@4a7f959b]" started-at="2022-11-22T21:54:08 IST" name="delete_a_Checklist" finished-at="2022-11-22T21:54:09 IST" duration-ms="1031" status="PASS">
          <reporter-output>
          </reporter-output>
        </test-method> <!-- delete_a_Checklist -->
        <test-method is-config="true" signature="reportFlush(org.testng.ITestResult)[pri:0, instance:testData.Checklist@4a7f959b]" started-at="2022-11-22T21:54:09 IST" name="reportFlush" finished-at="2022-11-22T21:54:09 IST" duration-ms="25" status="PASS">
          <params>
            <param index="0">
              <value>
                <![CDATA[[TestResult name=delete_a_Checklist status=SUCCESS method=Checklist.delete_a_Checklist()[pri:3, instance:testData.Checklist@4a7f959b] output={null}]]]>
              </value>
            </param>
          </params>
          <reporter-output>
          </reporter-output>
        </test-method> <!-- reportFlush -->
      </class> <!-- testData.Checklist -->
    </test> <!-- Test -->
  </suite> <!-- Suite -->
</testng-results>
